[    0.000000] Initializing cgroup subsys cpuset
[    0.000000] Initializing cgroup subsys cpu
[    0.000000] Initializing cgroup subsys cpuacct
[    0.000000] Linux version 4.4.0-210-generic (buildd@lgw01-amd64-009) (gcc version 5.4.0 20160609 (Ubuntu 5.4.0-6ubuntu1~16.04.12) ) #242-Ubuntu SMP Fri Apr 16 09:57:56 UTC 2021 (Ubuntu 4.4.0-210.242-generic 4.4.262)
[    0.000000] Command line: BOOT_IMAGE=/boot/vmlinuz-4.4.0-210-generic root=LABEL=cloudimg-rootfs ro console=tty1 console=ttyS0
[    0.000000] KERNEL supported cpus:
[    0.000000]   Intel GenuineIntel
[    0.000000]   AMD AuthenticAMD
[    0.000000]   Centaur CentaurHauls
[    0.000000] x86/fpu: xstate_offset[2]:  576, xstate_sizes[2]:  256
[    0.000000] x86/fpu: Supporting XSAVE feature 0x01: 'x87 floating point registers'
[    0.000000] x86/fpu: Supporting XSAVE feature 0x02: 'SSE registers'
[    0.000000] x86/fpu: Supporting XSAVE feature 0x04: 'AVX registers'
[    0.000000] x86/fpu: Enabled xstate features 0x7, context size is 832 bytes, using 'standard' format.
[    0.000000] e820: BIOS-provided physical RAM map:
[    0.000000] BIOS-e820: [mem 0x0000000000000000-0x000000000009fbff] usable
[    0.000000] BIOS-e820: [mem 0x000000000009fc00-0x000000000009ffff] reserved
[    0.000000] BIOS-e820: [mem 0x00000000000f0000-0x00000000000fffff] reserved
[    0.000000] BIOS-e820: [mem 0x0000000000100000-0x000000003ffeffff] usable
[    0.000000] BIOS-e820: [mem 0x000000003fff0000-0x000000003fffffff] ACPI data
[    0.000000] BIOS-e820: [mem 0x00000000fec00000-0x00000000fec00fff] reserved
[    0.000000] BIOS-e820: [mem 0x00000000fee00000-0x00000000fee00fff] reserved
[    0.000000] BIOS-e820: [mem 0x00000000fffc0000-0x00000000ffffffff] reserved
[    0.000000] NX (Execute Disable) protection: active
[    0.000000] SMBIOS 2.5 present.
[    0.000000] Hypervisor detected: KVM
[    0.000000] e820: last_pfn = 0x3fff0 max_arch_pfn = 0x400000000
[    0.000000] MTRR: Disabled
[    0.000000] x86/PAT: MTRRs disabled, skipping PAT initialization too.
[    0.000000] CPU MTRRs all blank - virtualized system.
[    0.000000] x86/PAT: Configuration [0-7]: WB  WT  UC- UC  WB  WT  UC- UC  
[    0.000000] found SMP MP-table at [mem 0x0009fff0-0x0009ffff] mapped at [ffff88000009fff0]
[    0.000000] Scanning 1 areas for low memory corruption
[    0.000000] RAMDISK: [mem 0x362de000-0x37166fff]
[    0.000000] ACPI: Early table checksum verification disabled
[    0.000000] ACPI: RSDP 0x00000000000E0000 000024 (v02 VBOX  )
[    0.000000] ACPI: XSDT 0x000000003FFF0030 00003C (v01 VBOX   VBOXXSDT 00000001 ASL  00000061)
[    0.000000] ACPI: FACP 0x000000003FFF00F0 0000F4 (v04 VBOX   VBOXFACP 00000001 ASL  00000061)
[    0.000000] ACPI: DSDT 0x000000003FFF0470 002325 (v02 VBOX   VBOXBIOS 00000002 INTL 20190509)
[    0.000000] ACPI: FACS 0x000000003FFF0200 000040
[    0.000000] ACPI: FACS 0x000000003FFF0200 000040
[    0.000000] ACPI: APIC 0x000000003FFF0240 00005C (v02 VBOX   VBOXAPIC 00000001 ASL  00000061)
[    0.000000] ACPI: SSDT 0x000000003FFF02A0 0001CC (v01 VBOX   VBOXCPUT 00000002 INTL 20190509)
[    0.000000] No NUMA configuration found
[    0.000000] Faking a node at [mem 0x0000000000000000-0x000000003ffeffff]
[    0.000000] NODE_DATA(0) allocated [mem 0x3ffeb000-0x3ffeffff]
[    0.000000] kvm-clock: Using msrs 4b564d01 and 4b564d00
[    0.000000] kvm-clock: cpu 0, msr 0:3ffe3001, primary cpu clock
[    0.000000] kvm-clock: using sched offset of 3499263219 cycles
[    0.000000] clocksource: kvm-clock: mask: 0xffffffffffffffff max_cycles: 0x1cd42e4dffb, max_idle_ns: 881590591483 ns
[    0.000000] Zone ranges:
[    0.000000]   DMA      [mem 0x0000000000001000-0x0000000000ffffff]
[    0.000000]   DMA32    [mem 0x0000000001000000-0x000000003ffeffff]
[    0.000000]   Normal   empty
[    0.000000]   Device   empty
[    0.000000] Movable zone start for each node
[    0.000000] Early memory node ranges
[    0.000000]   node   0: [mem 0x0000000000001000-0x000000000009efff]
[    0.000000]   node   0: [mem 0x0000000000100000-0x000000003ffeffff]
[    0.000000] Initmem setup node 0 [mem 0x0000000000001000-0x000000003ffeffff]
[    0.000000] ACPI: PM-Timer IO Port: 0x4008
[    0.000000] IOAPIC[0]: apic_id 2, version 32, address 0xfec00000, GSI 0-23
[    0.000000] ACPI: INT_SRC_OVR (bus 0 bus_irq 0 global_irq 2 dfl dfl)
[    0.000000] ACPI: INT_SRC_OVR (bus 0 bus_irq 9 global_irq 9 low level)
[    0.000000] Using ACPI (MADT) for SMP configuration information
[    0.000000] smpboot: Allowing 2 CPUs, 0 hotplug CPUs
[    0.000000] PM: Registered nosave memory: [mem 0x00000000-0x00000fff]
[    0.000000] PM: Registered nosave memory: [mem 0x0009f000-0x0009ffff]
[    0.000000] PM: Registered nosave memory: [mem 0x000a0000-0x000effff]
[    0.000000] PM: Registered nosave memory: [mem 0x000f0000-0x000fffff]
[    0.000000] e820: [mem 0x40000000-0xfebfffff] available for PCI devices
[    0.000000] Booting paravirtualized kernel on KVM
[    0.000000] clocksource: refined-jiffies: mask: 0xffffffff max_cycles: 0xffffffff, max_idle_ns: 7645519600211568 ns
[    0.000000] setup_percpu: NR_CPUS:512 nr_cpumask_bits:512 nr_cpu_ids:2 nr_node_ids:1
[    0.000000] PERCPU: Embedded 33 pages/cpu @ffff88003fc00000 s95192 r8192 d31784 u1048576
[    0.000000] Built 1 zonelists in Node order, mobility grouping on.  Total pages: 257912
[    0.000000] Policy zone: DMA32
[    0.000000] Kernel command line: BOOT_IMAGE=/boot/vmlinuz-4.4.0-210-generic root=LABEL=cloudimg-rootfs ro console=tty1 console=ttyS0
[    0.000000] PID hash table entries: 4096 (order: 3, 32768 bytes)
[    0.000000] Memory: 997796K/1048120K available (8644K kernel code, 1332K rwdata, 4044K rodata, 1492K init, 1164K bss, 50324K reserved, 0K cma-reserved)
[    0.000000] SLUB: HWalign=64, Order=0-3, MinObjects=0, CPUs=2, Nodes=1
[    0.000000] Kernel/User page tables isolation: enabled
[    0.000000] Hierarchical RCU implementation.
[    0.000000] 	Build-time adjustment of leaf fanout to 64.
[    0.000000] 	RCU restricting CPUs from NR_CPUS=512 to nr_cpu_ids=2.
[    0.000000] RCU: Adjusting geometry for rcu_fanout_leaf=64, nr_cpu_ids=2
[    0.000000] NR_IRQS:33024 nr_irqs:440 16
[    0.000000] Console: colour VGA+ 80x25
[    0.000000] console [tty1] enabled
[    0.000000] console [ttyS0] enabled
[    0.000000] tsc: Detected 2712.010 MHz processor
[    0.135797] Calibrating delay loop (skipped) preset value.. 5424.02 BogoMIPS (lpj=10848040)
[    0.137829] pid_max: default: 32768 minimum: 301
[    0.138877] ACPI: Core revision 20150930
[    0.141221] ACPI: 2 ACPI AML tables successfully acquired and loaded
[    0.142817] Security Framework initialized
[    0.143828] Yama: becoming mindful.
[    0.144802] AppArmor: AppArmor initialized
[    0.145914] Dentry cache hash table entries: 131072 (order: 8, 1048576 bytes)
[    0.148470] Inode-cache hash table entries: 65536 (order: 7, 524288 bytes)
[    0.150548] Mount-cache hash table entries: 2048 (order: 2, 16384 bytes)
[    0.152477] Mountpoint-cache hash table entries: 2048 (order: 2, 16384 bytes)
[    0.154063] Initializing cgroup subsys io
[    0.155047] Initializing cgroup subsys memory
[    0.156098] Initializing cgroup subsys devices
[    0.157484] Initializing cgroup subsys freezer
[    0.158761] Initializing cgroup subsys net_cls
[    0.160375] Initializing cgroup subsys perf_event
[    0.161480] Initializing cgroup subsys net_prio
[    0.162528] Initializing cgroup subsys hugetlb
[    0.163622] Initializing cgroup subsys pids
[    0.179891] mce: CPU supports 0 MCE banks
[    0.180912] Last level iTLB entries: 4KB 64, 2MB 8, 4MB 8
[    0.182157] Last level dTLB entries: 4KB 64, 2MB 0, 4MB 0, 1GB 4
[    0.183416] Spectre V1 : Mitigation: usercopy/swapgs barriers and __user pointer sanitization
[    0.185401] Spectre V2 : Mitigation: Full generic retpoline
[    0.186624] Spectre V2 : Spectre v2 / SpectreRSB mitigation: Filling RSB on context switch
[    0.188520] Speculative Store Bypass: Vulnerable
[    0.189588] SRBDS: Unknown: Dependent on hypervisor status
[    0.190894] MDS: Mitigation: Clear CPU buffers
[    0.195132] Freeing SMP alternatives memory: 36K
[    0.203768] ftrace: allocating 32380 entries in 127 pages
[    0.264370] smpboot: APIC(0) Converting physical 0 to logical package 0
[    0.265642] smpboot: Max logical packages: 1
[    0.266751] x2apic enabled
[    0.267520] Switched APIC routing to physical x2apic.
[    0.269380] ..TIMER: vector=0x30 apic1=0 pin1=2 apic2=-1 pin2=-1
[    0.378441] smpboot: CPU0: Intel(R) Core(TM) i5-7200U CPU @ 2.50GHz (family: 0x6, model: 0x8e, stepping: 0x9)
[    0.380381] Performance Events: unsupported p6 CPU model 142 no PMU driver, software events only.
[    0.392922] KVM setup paravirtual spinlock
[    0.394643] x86: Booting SMP configuration:
[    0.395397] .... node  #0, CPUs:      #1
[    0.396234] kvm-clock: cpu 1, msr 0:3ffe3041, secondary cpu clock
[    0.414953] mce: CPU supports 0 MCE banks
[    0.417652] x86: Booted up 1 node, 2 CPUs
[    0.418601] smpboot: Total of 2 processors activated (10848.04 BogoMIPS)
[    0.420868] devtmpfs: initialized
[    0.423761] evm: security.selinux
[    0.424540] evm: security.SMACK64
[    0.425283] evm: security.SMACK64EXEC
[    0.426101] evm: security.SMACK64TRANSMUTE
[    0.426958] evm: security.SMACK64MMAP
[    0.427690] evm: security.ima
[    0.428272] evm: security.capability
[    0.429104] clocksource: jiffies: mask: 0xffffffff max_cycles: 0xffffffff, max_idle_ns: 7645041785100000 ns
[    0.430754] futex hash table entries: 512 (order: 3, 32768 bytes)
[    0.431861] pinctrl core: initialized pinctrl subsystem
[    0.432910] RTC time: 17:43:42, date: 05/23/21
[    0.434976] NET: Registered protocol family 16
[    0.443703] cpuidle: using governor ladder
[    0.454929] cpuidle: using governor menu
[    0.455722] PCCT header not found.
[    0.456477] ACPI: bus type PCI registered
[    0.457279] acpiphp: ACPI Hot Plug PCI Controller Driver version: 0.5
[    0.459011] PCI: Using configuration type 1 for base access
[    0.473710] ACPI: Added _OSI(Module Device)
[    0.474575] ACPI: Added _OSI(Processor Device)
[    0.475470] ACPI: Added _OSI(3.0 _SCP Extensions)
[    0.476405] ACPI: Added _OSI(Processor Aggregator Device)
[    0.478106] ACPI: Executed 1 blocks of module-level executable AML code
[    0.481308] ACPI: Interpreter enabled
[    0.482095] ACPI: (supports S0 S5)
[    0.482848] ACPI: Using IOAPIC for interrupt routing
[    0.483962] PCI: Using host bridge windows from ACPI; if necessary, use "pci=nocrs" and report a bug
[    0.488895] ACPI: PCI Root Bridge [PCI0] (domain 0000 [bus 00-ff])
[    0.490053] acpi PNP0A03:00: _OSC: OS supports [ASPM ClockPM Segments MSI]
[    0.491627] acpi PNP0A03:00: _OSC: not requesting OS control; OS requires [ExtendedConfig ASPM ClockPM MSI]
[    0.493506] acpi PNP0A03:00: fail to add MMCONFIG information, can't access extended PCI configuration space under this bridge.
[    0.495930] PCI host bridge to bus 0000:00
[    0.496770] pci_bus 0000:00: root bus resource [io  0x0000-0x0cf7 window]
[    0.497975] pci_bus 0000:00: root bus resource [io  0x0d00-0xffff window]
[    0.499211] pci_bus 0000:00: root bus resource [mem 0x000a0000-0x000bffff window]
[    0.500978] pci_bus 0000:00: root bus resource [mem 0x40000000-0xfdffffff window]
[    0.502945] pci_bus 0000:00: root bus resource [bus 00-ff]
[    0.505448] pci 0000:00:01.1: legacy IDE quirk: reg 0x10: [io  0x01f0-0x01f7]
[    0.506757] pci 0000:00:01.1: legacy IDE quirk: reg 0x14: [io  0x03f6]
[    0.508039] pci 0000:00:01.1: legacy IDE quirk: reg 0x18: [io  0x0170-0x0177]
[    0.518420] pci 0000:00:01.1: legacy IDE quirk: reg 0x1c: [io  0x0376]
[    0.535677] pci 0000:00:07.0: quirk: [io  0x4000-0x403f] claimed by PIIX4 ACPI
[    0.537049] pci 0000:00:07.0: quirk: [io  0x4100-0x410f] claimed by PIIX4 SMB
[    0.548376] ACPI: PCI Interrupt Link [LNKA] (IRQs 5 9 10 *11)
[    0.549896] ACPI: PCI Interrupt Link [LNKB] (IRQs 5 9 *10 11)
[    0.551749] ACPI: PCI Interrupt Link [LNKC] (IRQs 5 *9 10 11)
[    0.553526] ACPI: PCI Interrupt Link [LNKD] (IRQs 5 9 10 *11)
[    0.555051] ACPI: Enabled 2 GPEs in block 00 to 07
[    0.556461] vgaarb: setting as boot device: PCI:0000:00:02.0
[    0.557755] vgaarb: device added: PCI:0000:00:02.0,decodes=io+mem,owns=io+mem,locks=none
[    0.560203] vgaarb: loaded
[    0.560853] vgaarb: bridge control possible 0000:00:02.0
[    0.562119] SCSI subsystem initialized
[    0.563089] ACPI: bus type USB registered
[    0.563958] usbcore: registered new interface driver usbfs
[    0.565037] usbcore: registered new interface driver hub
[    0.566441] usbcore: registered new device driver usb
[    0.568496] PCI: Using ACPI for IRQ routing
[    0.569670] NetLabel: Initializing
[    0.570415] NetLabel:  domain hash size = 128
[    0.571321] NetLabel:  protocols = UNLABELED CIPSOv4
[    0.572327] NetLabel:  unlabeled traffic allowed by default
[    0.573897] amd_nb: Cannot enumerate AMD northbridges
[    0.574936] clocksource: Switched to clocksource kvm-clock
[    0.582302] AppArmor: AppArmor Filesystem Enabled
[    0.583359] pnp: PnP ACPI init
[    0.584713] pnp: PnP ACPI: found 3 devices
[    0.594092] clocksource: acpi_pm: mask: 0xffffff max_cycles: 0xffffff, max_idle_ns: 2085701024 ns
[    0.596303] NET: Registered protocol family 2
[    0.597406] TCP established hash table entries: 8192 (order: 4, 65536 bytes)
[    0.598733] TCP bind hash table entries: 8192 (order: 5, 131072 bytes)
[    0.600041] TCP: Hash tables configured (established 8192 bind 8192)
[    0.602030] UDP hash table entries: 512 (order: 2, 16384 bytes)
[    0.603441] UDP-Lite hash table entries: 512 (order: 2, 16384 bytes)
[    0.604663] NET: Registered protocol family 1
[    0.605568] pci 0000:00:00.0: Limiting direct PCI/PCI transfers
[    0.606694] pci 0000:00:01.0: Activating ISA DMA hang workarounds
[    0.608198] Unpacking initramfs...
[    0.830644] Freeing initrd memory: 14884K
[    0.831679] clocksource: tsc: mask: 0xffffffffffffffff max_cycles: 0x27178fe26d1, max_idle_ns: 440795239632 ns
[    0.833652] platform rtc_cmos: registered platform RTC device (no PNP device found)
[    0.835231] Scanning for low memory corruption every 60 seconds
[    0.836847] audit: initializing netlink subsys (disabled)
[    0.837925] audit: type=2000 audit(1621791828.680:1): initialized
[    0.839335] Initialise system trusted keyring
[    0.840440] HugeTLB registered 2 MB page size, pre-allocated 0 pages
[    0.842918] zbud: loaded
[    0.843854] VFS: Disk quotas dquot_6.6.0
[    0.844708] VFS: Dquot-cache hash table entries: 512 (order 0, 4096 bytes)
[    0.846204] squashfs: version 4.0 (2009/01/31) Phillip Lougher
[    0.847656] fuse init (API version 7.23)
[    0.848673] Key type big_key registered
[    0.849509] Allocating IMA MOK and blacklist keyrings.
[    0.852509] Key type asymmetric registered
[    0.853298] Asymmetric key parser 'x509' registered
[    0.854160] Block layer SCSI generic (bsg) driver version 0.4 loaded (major 249)
[    0.855574] io scheduler noop registered
[    0.856286] io scheduler deadline registered (default)
[    0.857278] io scheduler cfq registered
[    0.858285] pci_hotplug: PCI Hot Plug PCI Core version: 0.5
[    0.859667] pciehp: PCI Express Hot Plug Controller Driver version: 0.4
[    0.861050] ACPI: AC Adapter [AC] (on-line)
[    0.861855] input: Power Button as /devices/LNXSYSTM:00/LNXPWRBN:00/input/input0
[    0.863208] ACPI: Power Button [PWRF]
[    0.863934] input: Sleep Button as /devices/LNXSYSTM:00/LNXSLPBN:00/input/input1
[    0.865643] ACPI: Sleep Button [SLPF]
[    0.866566] GHES: HEST is not enabled!
[    0.867278] ACPI: Battery Slot [BAT0] (battery present)
[    0.868335] Serial: 8250/16550 driver, 32 ports, IRQ sharing enabled
[    0.889898] 00:02: ttyS0 at I/O 0x3f8 (irq = 4, base_baud = 115200) is a 16550A
[    0.893313] Linux agpgart interface v0.103
[    0.895620] loop: module loaded
[    0.896767] scsi host0: ata_piix
[    0.897539] scsi host1: ata_piix
[    0.898188] ata1: PATA max UDMA/33 cmd 0x1f0 ctl 0x3f6 bmdma 0xd000 irq 14
[    0.899311] ata2: PATA max UDMA/33 cmd 0x170 ctl 0x376 bmdma 0xd008 irq 15
[    0.900632] libphy: Fixed MDIO Bus: probed
[    0.902241] tun: Universal TUN/TAP device driver, 1.6
[    0.903590] tun: (C) 1999-2004 Max Krasnyansky <maxk@qualcomm.com>
[    0.904712] PPP generic driver version 2.4.2
[    0.905571] ehci_hcd: USB 2.0 'Enhanced' Host Controller (EHCI) Driver
[    0.906596] ehci-pci: EHCI PCI platform driver
[    0.907751] ehci-platform: EHCI generic platform driver
[    0.909917] ohci_hcd: USB 1.1 'Open' Host Controller (OHCI) Driver
[    0.911028] ohci-pci: OHCI PCI platform driver
[    0.912063] ohci-platform: OHCI generic platform driver
[    0.913014] uhci_hcd: USB Universal Host Controller Interface driver
[    0.915021] i8042: PNP: PS/2 Controller [PNP0303:PS2K,PNP0f03:PS2M] at 0x60,0x64 irq 1,12
[    0.918217] serio: i8042 KBD port at 0x60,0x64 irq 1
[    0.919142] serio: i8042 AUX port at 0x60,0x64 irq 12
[    0.920218] mousedev: PS/2 mouse device common for all mice
[    0.921418] input: AT Translated Set 2 keyboard as /devices/platform/i8042/serio0/input/input2
[    0.923494] rtc_cmos rtc_cmos: rtc core: registered rtc_cmos as rtc0
[    0.925025] rtc_cmos rtc_cmos: alarms up to one day, 114 bytes nvram
[    0.926054] i2c /dev entries driver
[    0.926782] device-mapper: uevent: version 1.0.3
[    0.927690] device-mapper: ioctl: 4.34.0-ioctl (2015-10-28) initialised: dm-devel@redhat.com
[    0.929296] ledtrig-cpu: registered to indicate activity on CPUs
[    0.930878] NET: Registered protocol family 10
[    0.932357] NET: Registered protocol family 17
[    0.933155] Key type dns_resolver registered
[    0.934297] registered taskstats version 1
[    0.935054] Loading compiled-in X.509 certificates
[    0.936413] Loaded X.509 cert 'Build time autogenerated kernel key: cf00e047681d67edb2720680708b7d9498083038'
[    0.938323] zswap: loaded using pool lzo/zbud
[    0.941224] Key type trusted registered
[    0.945111] Key type encrypted registered
[    0.947356] AppArmor: AppArmor sha1 policy hashing enabled
[    0.949235] ima: No TPM chip found, activating TPM-bypass!
[    0.950214] ima: Allocated hash algorithm: sha1
[    0.951618] evm: HMAC attrs: 0x1
[    0.952900]   Magic number: 5:211:745
[    0.954079] rtc_cmos rtc_cmos: setting system clock to 2021-05-23 17:43:43 UTC (1621791823)
[    0.955667] BIOS EDD facility v0.16 2004-Jun-25, 0 devices found
[    0.956625] EDD information not available.
[    1.087708] Freeing unused kernel memory: 1492K
[    1.089253] Write protecting the kernel read-only data: 14336k
[    1.091479] Freeing unused kernel memory: 1584K
[    1.092832] Freeing unused kernel memory: 52K
Loading, please wait...
starting version 229
[    1.110316] random: systemd-udevd: uninitialized urandom read (16 bytes read, 3 bits of entropy available)
[    1.111446] random: udevadm: uninitialized urandom read (16 bytes read, 3 bits of entropy available)
[    1.111486] random: udevadm: uninitialized urandom read (16 bytes read, 3 bits of entropy available)
[    1.117681] random: systemd-udevd: uninitialized urandom read (16 bytes read, 3 bits of entropy available)
[    1.120025] random: systemd-udevd: uninitialized urandom read (16 bytes read, 3 bits of entropy available)
[    1.122372] random: systemd-udevd: uninitialized urandom read (16 bytes read, 3 bits of entropy available)
[    1.123569] random: udevadm: uninitialized urandom read (16 bytes read, 3 bits of entropy available)
[    1.123644] random: udevadm: uninitialized urandom read (16 bytes read, 3 bits of entropy available)
[    1.123862] random: udevadm: uninitialized urandom read (16 bytes read, 3 bits of entropy available)
[    1.123945] random: udevadm: uninitialized urandom read (16 bytes read, 3 bits of entropy available)
[    1.191747] e1000: Intel(R) PRO/1000 Network Driver - version 7.3.21-k8-NAPI
[    1.193676] e1000: Copyright (c) 1999-2006 Intel Corporation.
[    1.205507] Fusion MPT base driver 3.04.20
[    1.206810] Copyright (c) 1999-2008 LSI Corporation
[    1.215908] Fusion MPT SPI Host driver 3.04.20
[    1.229124] AVX2 version of gcm_enc/dec engaged.
[    1.230314] AES CTR mode by8 optimization enabled
[    1.413636] input: ImExPS/2 Generic Explorer Mouse as /devices/platform/i8042/serio1/input/input4
[    1.567143] e1000 0000:00:03.0 eth0: (PCI:33MHz:32-bit) 02:ed:98:3c:8e:82
[    1.568599] e1000 0000:00:03.0 eth0: Intel(R) PRO/1000 Network Connection
[    2.307879] e1000 0000:00:08.0 eth1: (PCI:33MHz:32-bit) 08:00:27:e2:d9:e0
[    2.313564] e1000 0000:00:08.0 eth1: Intel(R) PRO/1000 Network Connection
[    2.319875] e1000 0000:00:03.0 enp0s3: renamed from eth0
[    2.323199] mptbase: ioc0: Initiating bringup
[    2.339361] e1000 0000:00:08.0 enp0s8: renamed from eth1
[    2.420216] ioc0: LSI53C1030 A0: Capabilities={Initiator}
[    4.132118] scsi host2: ioc0: LSI53C1030 A0, FwRev=00000000h, Ports=1, MaxQ=256, IRQ=20
[    4.843907] scsi 2:0:0:0: Direct-Access     VBOX     HARDDISK         1.0  PQ: 0 ANSI: 5
[    4.847430] scsi target2:0:0: Beginning Domain Validation
[    4.853301] scsi target2:0:0: Domain Validation skipping write tests
[    4.854578] scsi target2:0:0: Ending Domain Validation
[    4.855778] scsi target2:0:0: asynchronous
[    4.867488] scsi 2:0:1:0: Direct-Access     VBOX     HARDDISK         1.0  PQ: 0 ANSI: 5
[    4.883328] scsi target2:0:1: Beginning Domain Validation
[    4.885578] scsi target2:0:1: Domain Validation skipping write tests
[    4.886591] scsi target2:0:1: Ending Domain Validation
[    4.887708] scsi target2:0:1: asynchronous
[    4.898628] sd 2:0:0:0: Attached scsi generic sg0 type 0
[    4.899616] sd 2:0:0:0: [sda] 83886080 512-byte logical blocks: (42.9 GB/40.0 GiB)
[    4.902879] sd 2:0:1:0: Attached scsi generic sg1 type 0
[    4.904299] sd 2:0:0:0: [sda] Write Protect is off
[    4.905337] sd 2:0:1:0: [sdb] 20480 512-byte logical blocks: (10.5 MB/10.0 MiB)
[    4.910987] sd 2:0:0:0: [sda] Incomplete mode parameter data
[    4.914487] sd 2:0:0:0: [sda] Assuming drive cache: write through
[    4.915128] sd 2:0:1:0: [sdb] Write Protect is off
[    4.915196] sd 2:0:1:0: [sdb] Incomplete mode parameter data
[    4.915198] sd 2:0:1:0: [sdb] Assuming drive cache: write through
[    4.917116] sd 2:0:1:0: [sdb] Attached SCSI disk
[    4.923699]  sda: sda1
[    4.929300] sd 2:0:0:0: [sda] Attached SCSI disk
Begin: Loading essential drivers ... [    6.638759] md: linear personality registered for level -1
[    6.666695] md: multipath personality registered for level -4
[    6.684001] md: raid0 personality registered for level 0
[    6.702544] md: raid1 personality registered for level 1
[    6.803239] raid6: sse2x1   gen()  5407 MB/s
[    6.871221] raid6: sse2x1   xor()  5527 MB/s
[    6.938962] raid6: sse2x2   gen()  8374 MB/s
[    7.007325] raid6: sse2x2   xor()  7146 MB/s
[    7.075163] raid6: sse2x4   gen() 12267 MB/s
[    7.143662] raid6: sse2x4   xor()  8079 MB/s
[    7.211272] raid6: avx2x1   gen() 10407 MB/s
[    7.284163] raid6: avx2x2   gen() 13263 MB/s
[    7.358639] raid6: avx2x4   gen() 24935 MB/s
[    7.360538] raid6: using algorithm avx2x4 gen() 24935 MB/s
[    7.361429] raid6: using avx2x2 recovery algorithm
[    7.363700] xor: automatically using best checksumming function:
[    7.403046]    avx       : 20381.000 MB/sec
[    7.405152] async_tx: api initialized (async)
[    7.419901] md: raid6 personality registered for level 6
[    7.421290] md: raid5 personality registered for level 5
[    7.422743] md: raid4 personality registered for level 4
[    7.431388] md: raid10 personality registered for level 10
done.
Begin: Running /scripts/init-premount ... done.
Begin: Mounting root file system ... Begin: Running /scripts/local-top ... done.
Begin: Running /scripts/local-premount ... [    7.463496] Btrfs loaded
Scanning for Btrfs filesystems
done.
Warning: fsck not present, so skipping root file system
[    7.492873] EXT4-fs (sda1): mounted filesystem with ordered data mode. Opts: (null)
done.
Begin: Running /scripts/local-bottom ... done.
Begin: Running /scripts/init-bottom ... done.
[    7.611312] systemd[1]: systemd 229 running in system mode. (+PAM +AUDIT +SELINUX +IMA +APPARMOR +SMACK +SYSVINIT +UTMP +LIBCRYPTSETUP +GCRYPT +GNUTLS +ACL +XZ -LZ4 +SECCOMP +BLKID +ELFUTILS +KMOD -IDN)
[    7.614198] systemd[1]: Detected virtualization oracle.
[    7.615063] systemd[1]: Detected architecture x86-64.

Welcome to [1mUbuntu 16.04.7 LTS[0m!

[    7.618591] systemd[1]: Set hostname to <ubuntu>.
[    7.621969] systemd[1]: Initializing machine ID from random generator.
[    7.623105] systemd[1]: Installed transient /etc/machine-id file.
[    7.773664] systemd[1]: Listening on Device-mapper event daemon FIFOs.
[[0;32m  OK  [0m] Listening on Device-mapper event daemon FIFOs.
[    7.776029] systemd[1]: Listening on /dev/initctl Compatibility Named Pipe.
[[0;32m  OK  [0m] Listening on /dev/initctl Compatibility Named Pipe.
[    7.778297] systemd[1]: Reached target Encrypted Volumes.
[[0;32m  OK  [0m] Reached target Encrypted Volumes.
[    7.780166] systemd[1]: Listening on Journal Socket.
[[0;32m  OK  [0m] Listening on Journal Socket.
[    7.781956] systemd[1]: Set up automount Arbitrary Executable File Formats File System Automount Point.
[[0;32m  OK  [0m] Set up automount Arbitrary Executab...ats File System Automount Point.
[    7.785059] systemd[1]: Listening on Syslog Socket.
[[0;32m  OK  [0m] Listening on Syslog Socket.
[    7.786751] systemd[1]: Reached target System Time Synchronized.
[[0;32m  OK  [0m] Reached target System Time Synchronized.
[    7.788884] systemd[1]: Started Forward Password Requests to Wall Directory Watch.
[[0;32m  OK  [0m] Started Forward Password Requests to Wall Directory Watch.
[    7.791899] systemd[1]: Created slice User and Session Slice.
[[0;32m  OK  [0m] Created slice User and Session Slice.
[    7.793911] systemd[1]: Reached target User and Group Name Lookups.
[[0;32m  OK  [0m] Reached target User and Group Name Lookups.
[    7.795829] systemd[1]: Listening on udev Control Socket.
[[0;32m  OK  [0m] Listening on udev Control Socket.
[    7.797715] systemd[1]: Listening on Journal Audit Socket.
[[0;32m  OK  [0m] Listening on Journal Audit Socket.
[    7.800074] systemd[1]: Listening on fsck to fsckd communication Socket.
[[0;32m  OK  [0m] Listening on fsck to fsckd communication Socket.
[    7.802921] systemd[1]: Created slice System Slice.
[[0;32m  OK  [0m] Created slice System Slice.
[    7.815170] systemd[1]: Starting File System Check on Root Device...
         Starting File System Check on Root Device...
[    7.819392] systemd[1]: Starting Create list of required static device nodes for the current kernel...
         Starting Create list of required st... nodes for the current kernel...
[    7.823050] systemd[1]: Reached target Slices.
[[0;32m  OK  [0m] Reached target Slices.
[    7.828054] systemd[1]: Starting Load Kernel Modules...
         Starting Load Kernel Modules...
[    7.830863] systemd[1]: Created slice system-serial\x2dgetty.slice.
[[0;32m  OK  [0m] Created slice system-serial\x2dgetty.slice.
[    7.833655] systemd[1]: Starting Nameserver information manager...
         Starting Nameserver information manager...
[    7.837554] systemd[1]: Starting Uncomplicated firewall...
         Starting Uncomplicated firewall...
[    7.840000] systemd[1]: Mounting Debug File System...
         Mounting Debug File System...
[    7.844204] Loading iSCSI transport class v2.0-870.
[    7.844820] systemd[1]: Mounting Huge Pages File System...
         Mounting Huge Pages File System...
[    7.848750] systemd[1]: Listening on LVM2 metadata daemon socket.
[[0;32m  OK  [0m] Listening on LVM2 metadata daemon socket.
[    7.852674] systemd[1]: Starting Monitoring of LVM2 mirrors, snapshots etc. using dmeventd or progress polling...
         Starting Monitoring of LVM2 mirrors... dmeventd or progress polling...
[    7.856770] systemd[1]: Listening on LVM2 poll daemon socket.
[[0;32m  OK  [0m] Listening on LVM2 poll daemon socket.
[    7.859858] systemd[1]: Reached target Swap.
[[0;32m  OK  [0m] Reached target Swap.
[    7.861360] systemd[1]: Listening on udev Kernel Socket.
[[0;32m  OK  [0m] Listening on udev Kernel Socket.
[    7.864497] systemd[1]: Mounting POSIX Message Queue File System...
         Mounting POSIX Message Queue File System...
[    7.866600] systemd[1]: Started Trigger resolvconf update for networkd DNS.
[[0;32m  OK  [0m] Started Trigger resolvconf update for networkd DNS.
[    7.870544] systemd[1]: Starting Set console keymap...
[    7.870731] iscsi: registered transport (tcp)
         Starting Set console keymap...
[    7.873745] systemd[1]: Listening on Journal Socket (/dev/log).
[[0;32m  OK  [0m] Listening on Journal Socket (/dev/log).
[    7.876479] systemd[1]: Starting Journal Service...
         Starting Journal Service...
[    7.881053] systemd[1]: Mounted POSIX Message Queue File System.
[[0;32m  OK  [0m] Mounted POSIX Message Queue File System.
[    7.883395] systemd[1]: Mounted Debug File System.
[[0;32m  OK  [0m] Mounted Debug File System.
[    7.885139] systemd[1]: Mounted Huge Pages File System.
[[0;32m  OK  [0m] Mounted Huge Pages File System.
[    7.896079] systemd[1]: Started File System Check on Root Device.
[[0;32m  OK  [0m] Started File System Check on Root Device.
[    7.902841] systemd[1]: Started Create list of required static device nodes for the current kernel.
[[0;32m  OK  [0m] Started Create list of required sta...ce nodes for the current kernel.
[    7.908936] systemd[1]: Started Uncomplicated firewall.
[[0;32m  OK  [0m] Started Uncomplicated firewall.
[    7.917125] systemd[1]: Started Nameserver information manager.
[[0;32m  OK  [0m] Started Nameserver information manager.
[    7.921050] systemd[1]: Started Set console keymap.
[[0;32m  OK  [0m] Started Set console keymap.
[    7.926081] systemd[1]: Started File System Check Daemon to report status.
[[0;32m  OK  [0m] Started File System Check Daemon to report status.
[    7.930602] systemd[1]: Started LVM2 metadata daemon.
[[0;32m  OK  [0m] Started LVM2 metadata daemon.
[    7.935718] systemd[1]: Starting Create Static Device Nodes in /dev...
         Starting Create Static Device Nodes in /dev...
[    7.939716] systemd[1]: Starting Remount Root and Kernel File Systems...
         Starting Remount Root and Kernel File Systems...
[    7.947712] systemd[1]: Started Journal Service.
[[0;32m  OK  [0m] Started Journal Service.
[    7.954178] EXT4-fs (sda1): re-mounted. Opts: (null)
[[0;32m  OK  [0m] Started Remount Root and Kernel File Systems.
[    7.970994] iscsi: registered transport (iser)
         Starting Load/Save Random Seed...
         Starting Flush Journal to Persistent Storage...
         Starting udev Coldplug all Devices...
[[0;32m  OK  [0m] Started Load Kernel Modules.
[[0;32m  OK  [0m] Started Create Static Device Nodes in /dev.
[[0;32m  OK  [0m] Started Load/Save Random Seed.
         Starting udev Kernel Device Manager...
         Starting Apply Kernel Variables...
         Mounting FUSE Control File System...
[[0;32m  OK  [0m] Mounted FUSE Control File System.
[    8.004007] systemd-journald[399]: Received request to flush runtime journal from PID 1
[[0;32m  OK  [0m] Started Flush Journal to Persistent Storage.
[[0;32m  OK  [0m] Started Apply Kernel Variables.
[[0;32m  OK  [0m] Started udev Kernel Device Manager.
[[0;32m  OK  [0m] Started udev Coldplug all Devices.
[[0;32m  OK  [0m] Started Dispatch Password Requests to Console Directory Watch.
[[0;32m  OK  [0m] Started Monitoring of LVM2 mirrors,...ng dmeventd or progress polling.
[[0;32m  OK  [0m] Reached target Local File Systems (Pre).
[[0;32m  OK  [0m] Reached target Local File Systems.
         Starting Tell Plymouth To Write Out Runtime Data...
         Starting Commit a transient machine-id on disk...
         Starting Create Volatile Files and Directories...
         Starting Set console font and keymap...
         Starting LSB: AppArmor initialization...
         Starting Initial cloud-init job (pre-networking)...
[[0;32m  OK  [0m] Started Tell Plymouth To Write Out Runtime Data.
[[0;32m  OK  [0m] Started Create Volatile Files and Directories.
         Starting Update UTMP about System Boot/Shutdown...
[[0;32m  OK  [0m] Started Commit a transient machine-id on disk.
[[0;32m  OK  [0m] Started Update UTMP about System Boot/Shutdown.
[[0;32m  OK  [0m] Found device /dev/ttyS0.
[[0;32m  OK  [0m] Listening on Load/Save RF Kill Switch Status /dev/rfkill Watch.
[[0;32m  OK  [0m] Started Set console font and keymap.
[[0;32m  OK  [0m] Created slice system-getty.slice.
[    9.409357] cloud-init[498]: Cloud-init v. 21.1-19-gbad84ad4-0ubuntu1~16.04.2 running 'init-local' at Sun, 23 May 2021 17:43:51 +0000. Up 8.93 seconds.
[[0;32m  OK  [0m] Started LSB: AppArmor initialization.
         Starting Load AppArmor profiles managed internally by snapd...
[[0;32m  OK  [0m] Started Load AppArmor profiles managed internally by snapd.
[[0;32m  OK  [0m] Started Initial cloud-init job (pre-networking).
[[0;32m  OK  [0m] Reached target Network (Pre).
         Starting Raise network interfaces...
[[0;32m  OK  [0m] Started Raise network interfaces.
[[0;32m  OK  [0m] Reached target Network.
         Starting Initial cloud-init job (metadata service crawler)...
[   10.594587] cloud-init[965]: Cloud-init v. 21.1-19-gbad84ad4-0ubuntu1~16.04.2 running 'init' at Sun, 23 May 2021 17:43:52 +0000. Up 9.98 seconds.
[   10.596293] cloud-init[965]: ci-info: ++++++++++++++++++++++++++++++++++++++Net device info+++++++++++++++++++++++++++++++++++++++
[   10.598011] cloud-init[965]: ci-info: +--------+-------+----------------------------+---------------+--------+-------------------+
[   10.599518] cloud-init[965]: ci-info: | Device |   Up  |          Address           |      Mask     | Scope  |     Hw-Address    |
[   10.601165] cloud-init[965]: ci-info: +--------+-------+----------------------------+---------------+--------+-------------------+
[   10.602646] cloud-init[965]: ci-info: | enp0s3 |  True |         10.0.2.15          | 255.255.255.0 | global | 02:ed:98:3c:8e:82 |
[   10.603790] cloud-init[965]: ci-info: | enp0s3 |  True | fe80::ed:98ff:fe3c:8e82/64 |       .       |  link  | 02:ed:98:3c:8e:82 |
[   10.605337] cloud-init[965]: ci-info: | enp0s8 | False |             .              |       .       |   .    | 08:00:27:e2:d9:e0 |
[   10.606817] cloud-init[965]: ci-info: |   lo   |  True |         127.0.0.1          |   255.0.0.0   |  host  |         .         |
[   10.608462] cloud-init[965]: ci-info: |   lo   |  True |          ::1/128           |       .       |  host  |         .         |
[   10.610089] cloud-init[965]: ci-info: +--------+-------+----------------------------+---------------+--------+-------------------+
[   10.611716] cloud-init[965]: ci-info: +++++++++++++++++++++++++++Route IPv4 info++++++++++++++++++++++++++++
[   10.612971] cloud-init[965]: ci-info: +-------+-------------+----------+---------------+-----------+-------+
[   10.614429] cloud-init[965]: ci-info: | Route | Destination | Gateway  |    Genmask    | Interface | Flags |
[   10.615878] cloud-init[965]: ci-info: +-------+-------------+----------+---------------+-----------+-------+
[   10.617244] cloud-init[965]: ci-info: |   0   |   0.0.0.0   | 10.0.2.2 |    0.0.0.0    |   enp0s3  |   UG  |
[   10.618688] cloud-init[965]: ci-info: |   1   |   10.0.2.0  | 0.0.0.0  | 255.255.255.0 |   enp0s3  |   U   |
[   10.620123] cloud-init[965]: ci-info: +-------+-------------+----------+---------------+-----------+-------+
[   10.621618] cloud-init[965]: ci-info: +++++++++++++++++++Route IPv6 info+++++++++++++++++++
[   10.623408] cloud-init[965]: ci-info: +-------+-------------+---------+-----------+-------+
[   10.624804] cloud-init[965]: ci-info: | Route | Destination | Gateway | Interface | Flags |
[   10.626591] cloud-init[965]: ci-info: +-------+-------------+---------+-----------+-------+
[   10.629221] cloud-init[965]: ci-info: |   0   |  fe80::/64  |    ::   |   enp0s3  |   U   |
[   10.630223] cloud-init[965]: ci-info: |   3   |   ff00::/8  |    ::   |   enp0s3  |   U   |
[   10.631501] cloud-init[965]: ci-info: +-------+-------------+---------+-----------+-------+
[   10.632611] cloud-init[965]: Generating public/private rsa key pair.
[   10.633443] cloud-init[965]: Your identification has been saved in /etc/ssh/ssh_host_rsa_key.
[   10.634499] cloud-init[965]: Your public key has been saved in /etc/ssh/ssh_host_rsa_key.pub.
[   10.635801] cloud-init[965]: The key fingerprint is:
[   10.636749] cloud-init[965]: SHA256:zs4TuW1g6CaphfjOa6KKa/i++1ouiiCeOjkqUwP6q+U root@ubuntu-xenial
[   10.637920] cloud-init[965]: The key's randomart image is:
[   10.638714] cloud-init[965]: +---[RSA 2048]----+
[   10.639501] cloud-init[965]: |                 |
[   10.640428] cloud-init[965]: |                 |
[   10.641305] cloud-init[965]: |                 |
[   10.642254] cloud-init[965]: |.                |
[   10.643165] cloud-init[965]: |..     .S.       |
[   10.644078] cloud-init[965]: |..o.  .o=        |
[   10.644947] cloud-init[965]: |=+o.oo .o=       |
[   10.645718] cloud-init[965]: |#*=+o ooo o      |
[   10.646651] cloud-init[965]: |^/EXoo  oo       |
[   10.647434] cloud-init[965]: +----[SHA256]-----+
[   10.648401] cloud-init[965]: Generating public/private dsa key pair.
[   10.649270] cloud-init[965]: Your identification has been saved in /etc/ssh/ssh_host_dsa_key.
[   10.650430] cloud-init[965]: Your public key has been saved in /etc/ssh/ssh_host_dsa_key.pub.
[   10.651754] cloud-init[965]: The key fingerprint is:
[   10.652700] cloud-init[965]: SHA256:b82PD7i4VwXhlFkMsEty0JCrEINQ0wlWiz5BLz85QpI root@ubuntu-xenial
[   10.653905] cloud-init[965]: The key's randomart image is:
[   10.654708] cloud-init[965]: +---[DSA 1024]----+
[   10.655600] cloud-init[965]: |.o*=..  o+..+B.  |
[   10.656578] cloud-init[965]: | +.+=.  ...++ .  |
[   10.657521] cloud-init[965]: |E = oo  ..+ ..   |
[   10.658398] cloud-init[965]: | + +..  .+ .  .  |
[   10.659297] cloud-init[965]: |  + =. .S .  .   |
[   10.660201] cloud-init[965]: |   o o.  . +.    |
[   10.661153] cloud-init[965]: |          +.+    |
[   10.661866] cloud-init[965]: |         o.. +   |
[   10.662742] cloud-init[965]: |        oo. ..o  |
[   10.663609] cloud-init[965]: +----[SHA256]-----+
[   10.664333] cloud-init[965]: Generating public/private ecdsa key pair.
[   10.665459] cloud-init[965]: Your identification has been saved in /etc/ssh/ssh_host_ecdsa_key.
[   10.666559] cloud-init[965]: Your public key has been saved in /etc/ssh/ssh_host_ecdsa_key.pub.
[   10.667679] cloud-init[965]: The key fingerprint is:
[   10.668514] cloud-init[965]: SHA256:hYxFcza62BMQvtuctY1qZ+/Wh4toEEICfuYG2LoNh84 root@ubuntu-xenial
[   10.669738] cloud-init[965]: The key's randomart image is:
[   10.670414] cloud-init[965]: +---[ECDSA 256]---+
[   10.671231] cloud-init[965]: |  ..  oo+ +      |
[   10.672251] cloud-init[965]: | +  ...= * .     |
[   10.673781] cloud-init[965]: |. + ooo = .      |
[   10.675216] cloud-init[965]: | o =  .+.+       |
[   10.679298] cloud-init[965]: |+ . o o.S..      |
[   10.680159] cloud-init[965]: |o= .   +.+ +     |
[   10.680973] cloud-init[965]: |.E.   . +.o .. . |
[   10.681872] cloud-init[965]: |        ..+...o .|
[   10.682906] cloud-init[965]: |       ..+.++ .o |
[   10.683627] cloud-init[965]: +----[SHA256]-----+
[   10.684489] cloud-init[965]: Generating public/private ed25519 key pair.
[   10.685629] cloud-init[965]: Your identification has been saved in /etc/ssh/ssh_host_ed25519_key.
[   10.687023] cloud-init[965]: Your public key has been saved in /etc/ssh/ssh_host_ed25519_key.pub.
[   10.688872] cloud-init[965]: The key fingerprint is:
[   10.689652] cloud-init[965]: SHA256:Z1GZnq6C4zyEMl903qbBwScLq7iLc7uGzpZujgvWkAM root@ubuntu-xenial
[   10.690921] cloud-init[965]: The key's randomart image is:
[   10.691935] cloud-init[965]: +--[ED25519 256]--+
[   10.692773] cloud-init[965]: |            .o   |
[   10.693705] cloud-init[965]: |           .o    |
[   10.694648] cloud-init[965]: |E      .  .. .   |
[   10.695376] cloud-init[965]: |. .   o = ..o    |
[   10.700495] cloud-init[965]: | +   o *S*o.     |
[   10.701433] cloud-init[965]: |  * . + =oo .    |
[   10.702382] cloud-init[965]: |.o.* + . + .     |
[   10.703399] cloud-init[965]: |B=+ o.+ o .      |
[   10.704426] cloud-init[965]: |XX== .oo .       |
[   10.705417] cloud-init[965]: +----[SHA256]-----+
[[0;32m  OK  [0m] Started Initial cloud-init job (metadata service crawler).
[[0;32m  OK  [0m] Reached target System Initialization.
[[0;32m  OK  [0m] Started Message of the Day.
[[0;32m  OK  [0m] Started Daily Cleanup of Temporary Directories.
[[0;32m  OK  [0m] Listening on ACPID Listen Socket.
[[0;32m  OK  [0m] Listening on UUID daemon activation socket.
         Starting Socket activation for snappy daemon.
         Starting LXD - unix socket.
[[0;32m  OK  [0m] Started ACPI Events Check.
[[0;32m  OK  [0m] Reached target Paths.
[[0;32m  OK  [0m] Listening on D-Bus System Message Bus Socket.
[[0;32m  OK  [0m] Started Daily apt download activities.
[[0;32m  OK  [0m] Started Daily apt upgrade and clean activities.
[[0;32m  OK  [0m] Reached target Timers.
[[0;32m  OK  [0m] Reached target Network is Online.
         Starting iSCSI initiator daemon (iscsid)...
[[0;32m  OK  [0m] Reached target Cloud-config availability.
[[0;32m  OK  [0m] Listening on Socket activation for snappy daemon.
[[0;32m  OK  [0m] Listening on LXD - unix socket.
[[0;32m  OK  [0m] Reached target Sockets.
[[0;32m  OK  [0m] Reached target Basic System.
         Starting System Logging Service...
         Starting Login Service...
         Starting Accounts Service...
[[0;32m  OK  [0m] Started D-Bus System Message Bus.
         Starting LSB: Record successful boot for GRUB...
         Starting LXD - container startup/shutdown...
[[0;32m  OK  [0m] Started Deferred execution scheduler.
[[0;32m  OK  [0m] Started FUSE filesystem for LXC.
         Starting /etc/rc.local Compatibility...
         Starting Pollinate to seed the pseudo random number generator...
         Starting LSB: MD monitoring daemon...
[[0;32m  OK  [0m] Started ACPI event daemon.
[[0;32m  OK  [0m] Started Regular background program processing daemon.
         Starting Virtualbox guest utils...
         Starting Snap Daemon...
[[0;32m  OK  [0m] Started System Logging Service.
[[0;32m  OK  [0m] Started /etc/rc.local Compatibility.
[[0;32m  OK  [0m] Started Login Service.
[[0;32m  OK  [0m] Started Unattended Upgrades Shutdown.
[[0;32m  OK  [0m] Started iSCSI initiator daemon (iscsid).
         Starting Login to default iSCSI targets...
         Starting Authenticate and Authorize Users to Run Privileged Tasks...
[[0;32m  OK  [0m] Started LSB: Record successful boot for GRUB.
[[0;32m  OK  [0m] Started Login to default iSCSI targets.
[[0;32m  OK  [0m] Reached target Remote File Systems (Pre).
[[0;32m  OK  [0m] Reached target Remote File Systems.
         Starting LSB: automatic crash report generation...
         Starting Permit User Sessions...
         Starting LSB: daemon to balance interrupts for SMP systems...
         Starting LSB: Set the CPU Frequency Scaling governor to "ondemand"...
[[0;32m  OK  [0m] Started LSB: MD monitoring daemon.
[[0;32m  OK  [0m] Started Permit User Sessions.
         Starting Hold until boot process finishes up...
         Starting Terminate Plymouth Boot Screen...
[[0;32m  OK  [0m] Started Hold until boot process finishes up.
[[0;32m  OK  [0m] Started Authenticate and Authorize Users to Run Privileged Tasks.
         Starting Set console scheme...
[[0;32m  OK  [0m] Started Serial Getty on ttyS0.
[[0;32m  OK  [0m] Started Getty on tty1.
[[0;32m  OK  [0m] Reached target Login Prompts.
[[0;32m  OK  [0m] Started Terminate Plymouth Boot Screen.
[[0;32m  OK  [0m] Started Set console scheme.
[[0;32m  OK  [0m] Started Accounts Service.
[[0;32m  OK  [0m] Started LSB: Set the CPU Frequency Scaling governor to "ondemand".
[[0;32m  OK  [0m] Started LSB: automatic crash report generation.
[[0;32m  OK  [0m] Started LSB: daemon to balance interrupts for SMP systems.
[[0;32m  OK  [0m] Started LXD - container startup/shutdown.
[[0;32m  OK  [0m] Started Virtualbox guest utils.
[[0;32m  OK  [0m] Started Snap Daemon.
         Starting Wait until snapd is fully seeded...
[[0;32m  OK  [0m] Started Wait until snapd is fully seeded.
         Starting Apply the settings specified in cloud-config...
[[0;32m  OK  [0m] Started Pollinate to seed the pseudo random number generator.
         Starting OpenBSD Secure Shell server...
[[0;32m  OK  [0m] Started OpenBSD Secure Shell server.
[[0;32m  OK  [0m] Reached target Multi-User System.
[[0;32m  OK  [0m] Reached target Graphical Interface.
         Starting Update UTMP about System Runlevel Changes...
[[0;32m  OK  [0m] Started Update UTMP about System Runlevel Changes.
[   11.946781] cloud-init[1292]: Generating locales (this might take a while)...
[[0;32m  OK  [0m] Created slice User Slice of vagrant.
         Starting User Manager for UID 1000...
[[0;32m  OK  [0m] Started Session 1 of user vagrant.
[[0;32m  OK  [0m] Started User Manager for UID 1000.
[   13.094573] cloud-init[1292]:   en_US.UTF-8... done
[   13.095310] cloud-init[1292]: Generation complete.
[   13.534002] cloud-init[1292]: Cloud-init v. 21.1-19-gbad84ad4-0ubuntu1~16.04.2 running 'modules:config' at Sun, 23 May 2021 17:43:54 +0000. Up 11.79 seconds.
[[0;32m  OK  [0m] Started Apply the settings specified in cloud-config.
         Starting Execute cloud user/final scripts...
ci-info: no authorized SSH keys fingerprints found for user ubuntu.
<14>May 23 17:43:56 ec2: 
<14>May 23 17:43:56 ec2: #############################################################
<14>May 23 17:43:56 ec2: -----BEGIN SSH HOST KEY FINGERPRINTS-----
<14>May 23 17:43:56 ec2: 1024 SHA256:b82PD7i4VwXhlFkMsEty0JCrEINQ0wlWiz5BLz85QpI root@ubuntu-xenial (DSA)
<14>May 23 17:43:56 ec2: 256 SHA256:hYxFcza62BMQvtuctY1qZ+/Wh4toEEICfuYG2LoNh84 root@ubuntu-xenial (ECDSA)
<14>May 23 17:43:56 ec2: 256 SHA256:Z1GZnq6C4zyEMl903qbBwScLq7iLc7uGzpZujgvWkAM root@ubuntu-xenial (ED25519)
<14>May 23 17:43:56 ec2: 2048 SHA256:zs4TuW1g6CaphfjOa6KKa/i++1ouiiCeOjkqUwP6q+U root@ubuntu-xenial (RSA)
<14>May 23 17:43:56 ec2: -----END SSH HOST KEY FINGERPRINTS-----
<14>May 23 17:43:56 ec2: #############################################################
-----BEGIN SSH HOST KEY KEYS-----
ecdsa-sha2-nistp256 AAAAE2VjZHNhLXNoYTItbmlzdHAyNTYAAAAIbmlzdHAyNTYAAABBBBnoghqG3ayQxQSMLfn+ViqGzRSfstdblh+sNUki/fFS9ZGZzWKKd0eBj8kVUlDOISFuD3ntttLCdH5UGchV9t0= root@ubuntu-xenial
ssh-ed25519 AAAAC3NzaC1lZDI1NTE5AAAAIHfnSPJ4O/d7daNNQjJpeTbQ9Jmxw+T+yOLLtRnPuMzZ root@ubuntu-xenial
ssh-rsa AAAAB3NzaC1yc2EAAAADAQABAAABAQDbefYp+G/EMU58yHNtYwmqG0OuSu78g3r3BRmwAM2lrvt4CrUoIQDAiCjoJYv7XmKLXpbAZOphXmfDXXxyZdcSDfx/7t5eb0AoJ6tuli2kSQeMRzA8581DDGuTZWQ7cpm7q4CZaTOfnEyH/7ARhmAkMOUk2JjL++Fqp9UQntQBUVkXf2NljkRMzmFbyVDOnxIqT2+Mz5e/OiVmheRStTa2bXk/MUmqZOr4BCrPBOLsWQr4uTtx1HGFeKFBPcojCE9ApXs+60vxHbxjLw8jpgW77NWpv9IS0kTA96HhU/+J8IsDA1+i2KjAs+6gYdEcblv7UklBPWx8AljAJY7wek7p root@ubuntu-xenial
-----END SSH HOST KEY KEYS-----
[   14.173241] cloud-init[1461]: Cloud-init v. 21.1-19-gbad84ad4-0ubuntu1~16.04.2 running 'modules:final' at Sun, 23 May 2021 17:43:56 +0000. Up 13.97 seconds.
[   14.177026] cloud-init[1461]: ci-info: no authorized SSH keys fingerprints found for user ubuntu.
[   14.179822] cloud-init[1461]: Cloud-init v. 21.1-19-gbad84ad4-0ubuntu1~16.04.2 finished at Sun, 23 May 2021 17:43:56 +0000. Datasource DataSourceNoCloud [seed=/dev/sdb][dsmode=net].  Up 14.15 seconds
[[0;32m  OK  [0m] Started Execute cloud user/final scripts.
[[0;32m  OK  [0m] Reached target Cloud-init target.

Ubuntu 16.04.7 LTS ubuntu-xenial ttyS0

ubuntu-xenial login: 