[    0.000000] Initializing cgroup subsys cpuset
[    0.000000] Initializing cgroup subsys cpu
[    0.000000] Initializing cgroup subsys cpuacct
[    0.000000] Linux version 4.4.0-210-generic (buildd@lgw01-amd64-009) (gcc version 5.4.0 20160609 (Ubuntu 5.4.0-6ubuntu1~16.04.12) ) #242-Ubuntu SMP Fri Apr 16 09:57:56 UTC 2021 (Ubuntu 4.4.0-210.242-generic 4.4.262)
[    0.000000] Command line: BOOT_IMAGE=/boot/vmlinuz-4.4.0-210-generic root=LABEL=cloudimg-rootfs ro console=tty1 console=ttyS0
[    0.000000] KERNEL supported cpus:
[    0.000000]   Intel GenuineIntel
[    0.000000]   AMD AuthenticAMD
[    0.000000]   Centaur CentaurHauls
[    0.000000] x86/fpu: xstate_offset[2]:  576, xstate_sizes[2]:  256
[    0.000000] x86/fpu: Supporting XSAVE feature 0x01: 'x87 floating point registers'
[    0.000000] x86/fpu: Supporting XSAVE feature 0x02: 'SSE registers'
[    0.000000] x86/fpu: Supporting XSAVE feature 0x04: 'AVX registers'
[    0.000000] x86/fpu: Enabled xstate features 0x7, context size is 832 bytes, using 'standard' format.
[    0.000000] e820: BIOS-provided physical RAM map:
[    0.000000] BIOS-e820: [mem 0x0000000000000000-0x000000000009fbff] usable
[    0.000000] BIOS-e820: [mem 0x000000000009fc00-0x000000000009ffff] reserved
[    0.000000] BIOS-e820: [mem 0x00000000000f0000-0x00000000000fffff] reserved
[    0.000000] BIOS-e820: [mem 0x0000000000100000-0x000000001ffeffff] usable
[    0.000000] BIOS-e820: [mem 0x000000001fff0000-0x000000001fffffff] ACPI data
[    0.000000] BIOS-e820: [mem 0x00000000fec00000-0x00000000fec00fff] reserved
[    0.000000] BIOS-e820: [mem 0x00000000fee00000-0x00000000fee00fff] reserved
[    0.000000] BIOS-e820: [mem 0x00000000fffc0000-0x00000000ffffffff] reserved
[    0.000000] NX (Execute Disable) protection: active
[    0.000000] SMBIOS 2.5 present.
[    0.000000] Hypervisor detected: KVM
[    0.000000] e820: last_pfn = 0x1fff0 max_arch_pfn = 0x400000000
[    0.000000] MTRR: Disabled
[    0.000000] x86/PAT: MTRRs disabled, skipping PAT initialization too.
[    0.000000] CPU MTRRs all blank - virtualized system.
[    0.000000] x86/PAT: Configuration [0-7]: WB  WT  UC- UC  WB  WT  UC- UC  
[    0.000000] found SMP MP-table at [mem 0x0009fff0-0x0009ffff] mapped at [ffff88000009fff0]
[    0.000000] Scanning 1 areas for low memory corruption
[    0.000000] RAMDISK: [mem 0x1e87d000-0x1f705fff]
[    0.000000] ACPI: Early table checksum verification disabled
[    0.000000] ACPI: RSDP 0x00000000000E0000 000024 (v02 VBOX  )
[    0.000000] ACPI: XSDT 0x000000001FFF0030 00003C (v01 VBOX   VBOXXSDT 00000001 ASL  00000061)
[    0.000000] ACPI: FACP 0x000000001FFF00F0 0000F4 (v04 VBOX   VBOXFACP 00000001 ASL  00000061)
[    0.000000] ACPI: DSDT 0x000000001FFF0470 002325 (v02 VBOX   VBOXBIOS 00000002 INTL 20190509)
[    0.000000] ACPI: FACS 0x000000001FFF0200 000040
[    0.000000] ACPI: FACS 0x000000001FFF0200 000040
[    0.000000] ACPI: APIC 0x000000001FFF0240 00005C (v02 VBOX   VBOXAPIC 00000001 ASL  00000061)
[    0.000000] ACPI: SSDT 0x000000001FFF02A0 0001CC (v01 VBOX   VBOXCPUT 00000002 INTL 20190509)
[    0.000000] No NUMA configuration found
[    0.000000] Faking a node at [mem 0x0000000000000000-0x000000001ffeffff]
[    0.000000] NODE_DATA(0) allocated [mem 0x1ffeb000-0x1ffeffff]
[    0.000000] kvm-clock: Using msrs 4b564d01 and 4b564d00
[    0.000000] kvm-clock: cpu 0, msr 0:1ffe3001, primary cpu clock
[    0.000000] kvm-clock: using sched offset of 3431011013 cycles
[    0.000000] clocksource: kvm-clock: mask: 0xffffffffffffffff max_cycles: 0x1cd42e4dffb, max_idle_ns: 881590591483 ns
[    0.000000] Zone ranges:
[    0.000000]   DMA      [mem 0x0000000000001000-0x0000000000ffffff]
[    0.000000]   DMA32    [mem 0x0000000001000000-0x000000001ffeffff]
[    0.000000]   Normal   empty
[    0.000000]   Device   empty
[    0.000000] Movable zone start for each node
[    0.000000] Early memory node ranges
[    0.000000]   node   0: [mem 0x0000000000001000-0x000000000009efff]
[    0.000000]   node   0: [mem 0x0000000000100000-0x000000001ffeffff]
[    0.000000] Initmem setup node 0 [mem 0x0000000000001000-0x000000001ffeffff]
[    0.000000] ACPI: PM-Timer IO Port: 0x4008
[    0.000000] IOAPIC[0]: apic_id 2, version 32, address 0xfec00000, GSI 0-23
[    0.000000] ACPI: INT_SRC_OVR (bus 0 bus_irq 0 global_irq 2 dfl dfl)
[    0.000000] ACPI: INT_SRC_OVR (bus 0 bus_irq 9 global_irq 9 low level)
[    0.000000] Using ACPI (MADT) for SMP configuration information
[    0.000000] smpboot: Allowing 2 CPUs, 0 hotplug CPUs
[    0.000000] PM: Registered nosave memory: [mem 0x00000000-0x00000fff]
[    0.000000] PM: Registered nosave memory: [mem 0x0009f000-0x0009ffff]
[    0.000000] PM: Registered nosave memory: [mem 0x000a0000-0x000effff]
[    0.000000] PM: Registered nosave memory: [mem 0x000f0000-0x000fffff]
[    0.000000] e820: [mem 0x20000000-0xfebfffff] available for PCI devices
[    0.000000] Booting paravirtualized kernel on KVM
[    0.000000] clocksource: refined-jiffies: mask: 0xffffffff max_cycles: 0xffffffff, max_idle_ns: 7645519600211568 ns
[    0.000000] setup_percpu: NR_CPUS:512 nr_cpumask_bits:512 nr_cpu_ids:2 nr_node_ids:1
[    0.000000] PERCPU: Embedded 33 pages/cpu @ffff88001fc00000 s95192 r8192 d31784 u1048576
[    0.000000] Built 1 zonelists in Node order, mobility grouping on.  Total pages: 128888
[    0.000000] Policy zone: DMA32
[    0.000000] Kernel command line: BOOT_IMAGE=/boot/vmlinuz-4.4.0-210-generic root=LABEL=cloudimg-rootfs ro console=tty1 console=ttyS0
[    0.000000] PID hash table entries: 2048 (order: 2, 16384 bytes)
[    0.000000] Memory: 481716K/523832K available (8644K kernel code, 1332K rwdata, 4044K rodata, 1492K init, 1164K bss, 42116K reserved, 0K cma-reserved)
[    0.000000] SLUB: HWalign=64, Order=0-3, MinObjects=0, CPUs=2, Nodes=1
[    0.000000] Kernel/User page tables isolation: enabled
[    0.000000] Hierarchical RCU implementation.
[    0.000000] 	Build-time adjustment of leaf fanout to 64.
[    0.000000] 	RCU restricting CPUs from NR_CPUS=512 to nr_cpu_ids=2.
[    0.000000] RCU: Adjusting geometry for rcu_fanout_leaf=64, nr_cpu_ids=2
[    0.000000] NR_IRQS:33024 nr_irqs:440 16
[    0.000000] Console: colour VGA+ 80x25
[    0.000000] console [tty1] enabled
[    0.000000] console [ttyS0] enabled
[    0.000000] tsc: Detected 2712.010 MHz processor
[    0.161866] Calibrating delay loop (skipped) preset value.. 5424.02 BogoMIPS (lpj=10848040)
[    0.163652] pid_max: default: 32768 minimum: 301
[    0.164597] ACPI: Core revision 20150930
[    0.167927] ACPI: 2 ACPI AML tables successfully acquired and loaded
[    0.169374] Security Framework initialized
[    0.170232] Yama: becoming mindful.
[    0.171025] AppArmor: AppArmor initialized
[    0.171940] Dentry cache hash table entries: 65536 (order: 7, 524288 bytes)
[    0.173377] Inode-cache hash table entries: 32768 (order: 6, 262144 bytes)
[    0.174961] Mount-cache hash table entries: 1024 (order: 1, 8192 bytes)
[    0.177401] Mountpoint-cache hash table entries: 1024 (order: 1, 8192 bytes)
[    0.179008] Initializing cgroup subsys io
[    0.179858] Initializing cgroup subsys memory
[    0.180758] Initializing cgroup subsys devices
[    0.181725] Initializing cgroup subsys freezer
[    0.182641] Initializing cgroup subsys net_cls
[    0.183563] Initializing cgroup subsys perf_event
[    0.184704] Initializing cgroup subsys net_prio
[    0.185643] Initializing cgroup subsys hugetlb
[    0.186554] Initializing cgroup subsys pids
[    0.205000] mce: CPU supports 0 MCE banks
[    0.206120] Last level iTLB entries: 4KB 64, 2MB 8, 4MB 8
[    0.207328] Last level dTLB entries: 4KB 64, 2MB 0, 4MB 0, 1GB 4
[    0.209143] Spectre V1 : Mitigation: usercopy/swapgs barriers and __user pointer sanitization
[    0.213106] Spectre V2 : Mitigation: Full generic retpoline
[    0.216006] Spectre V2 : Spectre v2 / SpectreRSB mitigation: Filling RSB on context switch
[    0.217726] Speculative Store Bypass: Vulnerable
[    0.218778] SRBDS: Unknown: Dependent on hypervisor status
[    0.220008] MDS: Mitigation: Clear CPU buffers
[    0.223724] Freeing SMP alternatives memory: 36K
[    0.232097] ftrace: allocating 32380 entries in 127 pages
[    0.306195] smpboot: APIC(0) Converting physical 0 to logical package 0
[    0.307992] smpboot: Max logical packages: 1
[    0.309453] x2apic enabled
[    0.310504] Switched APIC routing to physical x2apic.
[    0.312940] ..TIMER: vector=0x30 apic1=0 pin1=2 apic2=-1 pin2=-1
[    0.422376] smpboot: CPU0: Intel(R) Core(TM) i5-7200U CPU @ 2.50GHz (family: 0x6, model: 0x8e, stepping: 0x9)
[    0.424329] Performance Events: unsupported p6 CPU model 142 no PMU driver, software events only.
[    0.436395] KVM setup paravirtual spinlock
[    0.438069] x86: Booting SMP configuration:
[    0.439384] .... node  #0, CPUs:      #1
[    0.440412] kvm-clock: cpu 1, msr 0:1ffe3041, secondary cpu clock
[    0.455722] mce: CPU supports 0 MCE banks
[    0.458392] x86: Booted up 1 node, 2 CPUs
[    0.459306] smpboot: Total of 2 processors activated (10848.04 BogoMIPS)
[    0.461566] devtmpfs: initialized
[    0.464004] evm: security.selinux
[    0.464636] evm: security.SMACK64
[    0.465272] evm: security.SMACK64EXEC
[    0.465968] evm: security.SMACK64TRANSMUTE
[    0.466705] evm: security.SMACK64MMAP
[    0.467388] evm: security.ima
[    0.467985] evm: security.capability
[    0.468807] clocksource: jiffies: mask: 0xffffffff max_cycles: 0xffffffff, max_idle_ns: 7645041785100000 ns
[    0.470418] futex hash table entries: 512 (order: 3, 32768 bytes)
[    0.471576] pinctrl core: initialized pinctrl subsystem
[    0.472617] RTC time: 17:40:14, date: 05/23/21
[    0.473773] NET: Registered protocol family 16
[    0.486451] cpuidle: using governor ladder
[    0.498314] cpuidle: using governor menu
[    0.499052] PCCT header not found.
[    0.499800] ACPI: bus type PCI registered
[    0.500571] acpiphp: ACPI Hot Plug PCI Controller Driver version: 0.5
[    0.501732] PCI: Using configuration type 1 for base access
[    0.515248] ACPI: Added _OSI(Module Device)
[    0.516137] ACPI: Added _OSI(Processor Device)
[    0.517034] ACPI: Added _OSI(3.0 _SCP Extensions)
[    0.518015] ACPI: Added _OSI(Processor Aggregator Device)
[    0.519714] ACPI: Executed 1 blocks of module-level executable AML code
[    0.522901] ACPI: Interpreter enabled
[    0.523750] ACPI: (supports S0 S5)
[    0.524512] ACPI: Using IOAPIC for interrupt routing
[    0.525650] PCI: Using host bridge windows from ACPI; if necessary, use "pci=nocrs" and report a bug
[    0.530634] ACPI: PCI Root Bridge [PCI0] (domain 0000 [bus 00-ff])
[    0.531790] acpi PNP0A03:00: _OSC: OS supports [ASPM ClockPM Segments MSI]
[    0.533334] acpi PNP0A03:00: _OSC: not requesting OS control; OS requires [ExtendedConfig ASPM ClockPM MSI]
[    0.535238] acpi PNP0A03:00: fail to add MMCONFIG information, can't access extended PCI configuration space under this bridge.
[    0.537693] PCI host bridge to bus 0000:00
[    0.538997] pci_bus 0000:00: root bus resource [io  0x0000-0x0cf7 window]
[    0.540253] pci_bus 0000:00: root bus resource [io  0x0d00-0xffff window]
[    0.541718] pci_bus 0000:00: root bus resource [mem 0x000a0000-0x000bffff window]
[    0.544214] pci_bus 0000:00: root bus resource [mem 0x20000000-0xfdffffff window]
[    0.546118] pci_bus 0000:00: root bus resource [bus 00-ff]
[    0.548604] pci 0000:00:01.1: legacy IDE quirk: reg 0x10: [io  0x01f0-0x01f7]
[    0.549901] pci 0000:00:01.1: legacy IDE quirk: reg 0x14: [io  0x03f6]
[    0.551128] pci 0000:00:01.1: legacy IDE quirk: reg 0x18: [io  0x0170-0x0177]
[    0.561202] pci 0000:00:01.1: legacy IDE quirk: reg 0x1c: [io  0x0376]
[    0.572266] pci 0000:00:07.0: quirk: [io  0x4000-0x403f] claimed by PIIX4 ACPI
[    0.573853] pci 0000:00:07.0: quirk: [io  0x4100-0x410f] claimed by PIIX4 SMB
[    0.581790] ACPI: PCI Interrupt Link [LNKA] (IRQs 5 9 10 *11)
[    0.583426] ACPI: PCI Interrupt Link [LNKB] (IRQs 5 9 *10 11)
[    0.584910] ACPI: PCI Interrupt Link [LNKC] (IRQs 5 *9 10 11)
[    0.586421] ACPI: PCI Interrupt Link [LNKD] (IRQs 5 9 10 *11)
[    0.587999] ACPI: Enabled 2 GPEs in block 00 to 07
[    0.589811] vgaarb: setting as boot device: PCI:0000:00:02.0
[    0.591191] vgaarb: device added: PCI:0000:00:02.0,decodes=io+mem,owns=io+mem,locks=none
[    0.593204] vgaarb: loaded
[    0.593894] vgaarb: bridge control possible 0000:00:02.0
[    0.595174] SCSI subsystem initialized
[    0.596150] ACPI: bus type USB registered
[    0.597010] usbcore: registered new interface driver usbfs
[    0.598107] usbcore: registered new interface driver hub
[    0.599135] usbcore: registered new device driver usb
[    0.600367] PCI: Using ACPI for IRQ routing
[    0.601507] NetLabel: Initializing
[    0.602245] NetLabel:  domain hash size = 128
[    0.603124] NetLabel:  protocols = UNLABELED CIPSOv4
[    0.604167] NetLabel:  unlabeled traffic allowed by default
[    0.605399] amd_nb: Cannot enumerate AMD northbridges
[    0.606494] clocksource: Switched to clocksource kvm-clock
[    0.613327] AppArmor: AppArmor Filesystem Enabled
[    0.614382] pnp: PnP ACPI init
[    0.615792] pnp: PnP ACPI: found 3 devices
[    0.624797] clocksource: acpi_pm: mask: 0xffffff max_cycles: 0xffffff, max_idle_ns: 2085701024 ns
[    0.626616] NET: Registered protocol family 2
[    0.627715] TCP established hash table entries: 4096 (order: 3, 32768 bytes)
[    0.629117] TCP bind hash table entries: 4096 (order: 4, 65536 bytes)
[    0.630331] TCP: Hash tables configured (established 4096 bind 4096)
[    0.631557] UDP hash table entries: 256 (order: 1, 8192 bytes)
[    0.632663] UDP-Lite hash table entries: 256 (order: 1, 8192 bytes)
[    0.633898] NET: Registered protocol family 1
[    0.634793] pci 0000:00:00.0: Limiting direct PCI/PCI transfers
[    0.635953] pci 0000:00:01.0: Activating ISA DMA hang workarounds
[    0.637967] Unpacking initramfs...
[    0.858151] Freeing initrd memory: 14884K
[    0.859190] clocksource: tsc: mask: 0xffffffffffffffff max_cycles: 0x27178fe26d1, max_idle_ns: 440795239632 ns
[    0.860944] platform rtc_cmos: registered platform RTC device (no PNP device found)
[    0.862328] Scanning for low memory corruption every 60 seconds
[    0.863801] audit: initializing netlink subsys (disabled)
[    0.864764] audit: type=2000 audit(1621791620.211:1): initialized
[    0.866011] Initialise system trusted keyring
[    0.866925] HugeTLB registered 2 MB page size, pre-allocated 0 pages
[    0.869274] zbud: loaded
[    0.871080] VFS: Disk quotas dquot_6.6.0
[    0.872659] VFS: Dquot-cache hash table entries: 512 (order 0, 4096 bytes)
[    0.874352] squashfs: version 4.0 (2009/01/31) Phillip Lougher
[    0.875582] fuse init (API version 7.23)
[    0.876405] Key type big_key registered
[    0.877141] Allocating IMA MOK and blacklist keyrings.
[    0.886878] Key type asymmetric registered
[    0.887688] Asymmetric key parser 'x509' registered
[    0.888676] Block layer SCSI generic (bsg) driver version 0.4 loaded (major 249)
[    0.891026] io scheduler noop registered
[    0.891806] io scheduler deadline registered (default)
[    0.892985] io scheduler cfq registered
[    0.894127] pci_hotplug: PCI Hot Plug PCI Core version: 0.5
[    0.895241] pciehp: PCI Express Hot Plug Controller Driver version: 0.4
[    0.896410] ACPI: AC Adapter [AC] (on-line)
[    0.897216] input: Power Button as /devices/LNXSYSTM:00/LNXPWRBN:00/input/input0
[    0.898550] ACPI: Power Button [PWRF]
[    0.899331] input: Sleep Button as /devices/LNXSYSTM:00/LNXSLPBN:00/input/input1
[    0.900636] ACPI: Sleep Button [SLPF]
[    0.902054] ACPI: Battery Slot [BAT0] (battery present)
[    0.902991] GHES: HEST is not enabled!
[    0.903764] Serial: 8250/16550 driver, 32 ports, IRQ sharing enabled
[    0.925454] 00:02: ttyS0 at I/O 0x3f8 (irq = 4, base_baud = 115200) is a 16550A
[    0.927894] Linux agpgart interface v0.103
[    0.929973] loop: module loaded
[    0.931126] scsi host0: ata_piix
[    0.931881] scsi host1: ata_piix
[    0.932535] ata1: PATA max UDMA/33 cmd 0x1f0 ctl 0x3f6 bmdma 0xd000 irq 14
[    0.933629] ata2: PATA max UDMA/33 cmd 0x170 ctl 0x376 bmdma 0xd008 irq 15
[    0.935183] libphy: Fixed MDIO Bus: probed
[    0.936092] tun: Universal TUN/TAP device driver, 1.6
[    0.936991] tun: (C) 1999-2004 Max Krasnyansky <maxk@qualcomm.com>
[    0.938497] PPP generic driver version 2.4.2
[    0.939785] ehci_hcd: USB 2.0 'Enhanced' Host Controller (EHCI) Driver
[    0.941585] ehci-pci: EHCI PCI platform driver
[    0.942762] ehci-platform: EHCI generic platform driver
[    0.943870] ohci_hcd: USB 1.1 'Open' Host Controller (OHCI) Driver
[    0.944922] ohci-pci: OHCI PCI platform driver
[    0.945732] ohci-platform: OHCI generic platform driver
[    0.946606] uhci_hcd: USB Universal Host Controller Interface driver
[    0.947776] i8042: PNP: PS/2 Controller [PNP0303:PS2K,PNP0f03:PS2M] at 0x60,0x64 irq 1,12
[    0.949945] serio: i8042 KBD port at 0x60,0x64 irq 1
[    0.951916] serio: i8042 AUX port at 0x60,0x64 irq 12
[    0.953443] mousedev: PS/2 mouse device common for all mice
[    0.954974] input: AT Translated Set 2 keyboard as /devices/platform/i8042/serio0/input/input2
[    0.956522] rtc_cmos rtc_cmos: rtc core: registered rtc_cmos as rtc0
[    0.957860] rtc_cmos rtc_cmos: alarms up to one day, 114 bytes nvram
[    0.958878] i2c /dev entries driver
[    0.959631] device-mapper: uevent: version 1.0.3
[    0.960505] device-mapper: ioctl: 4.34.0-ioctl (2015-10-28) initialised: dm-devel@redhat.com
[    0.962058] ledtrig-cpu: registered to indicate activity on CPUs
[    0.963450] NET: Registered protocol family 10
[    0.964433] NET: Registered protocol family 17
[    0.965253] Key type dns_resolver registered
[    0.966626] registered taskstats version 1
[    0.969226] Loading compiled-in X.509 certificates
[    0.970764] Loaded X.509 cert 'Build time autogenerated kernel key: cf00e047681d67edb2720680708b7d9498083038'
[    0.972552] zswap: loaded using pool lzo/zbud
[    0.975635] Key type trusted registered
[    0.980323] Key type encrypted registered
[    0.981219] AppArmor: AppArmor sha1 policy hashing enabled
[    0.982295] ima: No TPM chip found, activating TPM-bypass!
[    0.983510] ima: Allocated hash algorithm: sha1
[    0.984378] evm: HMAC attrs: 0x1
[    0.985418]   Magic number: 5:658:694
[    0.986215] rtc_cmos rtc_cmos: setting system clock to 2021-05-23 17:40:15 UTC (1621791615)
[    0.987867] BIOS EDD facility v0.16 2004-Jun-25, 0 devices found
[    0.989704] EDD information not available.
[    1.123711] Freeing unused kernel memory: 1492K
[    1.125648] Write protecting the kernel read-only data: 14336k
[    1.128195] Freeing unused kernel memory: 1584K
[    1.129914] Freeing unused kernel memory: 52K
Loading, please wait...
starting version 229
[    1.149429] random: systemd-udevd: uninitialized urandom read (16 bytes read, 3 bits of entropy available)
[    1.150397] random: udevadm: uninitialized urandom read (16 bytes read, 3 bits of entropy available)
[    1.150433] random: udevadm: uninitialized urandom read (16 bytes read, 3 bits of entropy available)
[    1.155100] random: systemd-udevd: uninitialized urandom read (16 bytes read, 3 bits of entropy available)
[    1.156929] random: systemd-udevd: uninitialized urandom read (16 bytes read, 3 bits of entropy available)
[    1.159553] random: systemd-udevd: uninitialized urandom read (16 bytes read, 3 bits of entropy available)
[    1.161759] random: udevadm: uninitialized urandom read (16 bytes read, 3 bits of entropy available)
[    1.161828] random: udevadm: uninitialized urandom read (16 bytes read, 3 bits of entropy available)
[    1.162030] random: udevadm: uninitialized urandom read (16 bytes read, 3 bits of entropy available)
[    1.162113] random: udevadm: uninitialized urandom read (16 bytes read, 3 bits of entropy available)
[    1.226091] e1000: Intel(R) PRO/1000 Network Driver - version 7.3.21-k8-NAPI
[    1.227285] e1000: Copyright (c) 1999-2006 Intel Corporation.
[    1.232606] Fusion MPT base driver 3.04.20
[    1.233505] Copyright (c) 1999-2008 LSI Corporation
[    1.239774] Fusion MPT SPI Host driver 3.04.20
[    1.255496] AVX2 version of gcm_enc/dec engaged.
[    1.256500] AES CTR mode by8 optimization enabled
[    1.442980] input: ImExPS/2 Generic Explorer Mouse as /devices/platform/i8042/serio1/input/input4
[    1.597481] e1000 0000:00:03.0 eth0: (PCI:33MHz:32-bit) 02:ed:98:3c:8e:82
[    1.599344] e1000 0000:00:03.0 eth0: Intel(R) PRO/1000 Network Connection
[    1.602200] mptbase: ioc0: Initiating bringup
[    1.667271] ioc0: LSI53C1030 A0: Capabilities={Initiator}
[    1.841095] scsi host2: ioc0: LSI53C1030 A0, FwRev=00000000h, Ports=1, MaxQ=256, IRQ=20
[    1.975473] scsi 2:0:0:0: Direct-Access     VBOX     HARDDISK         1.0  PQ: 0 ANSI: 5
[    1.983311] scsi target2:0:0: Beginning Domain Validation
[    1.987037] scsi target2:0:0: Domain Validation skipping write tests
[    1.992997] scsi target2:0:0: Ending Domain Validation
[    1.997801] scsi target2:0:0: asynchronous
[    2.002801] scsi 2:0:1:0: Direct-Access     VBOX     HARDDISK         1.0  PQ: 0 ANSI: 5
[    2.007441] scsi target2:0:1: Beginning Domain Validation
[    2.013851] scsi target2:0:1: Domain Validation skipping write tests
[    2.016561] scsi target2:0:1: Ending Domain Validation
[    2.017878] scsi target2:0:1: asynchronous
[    2.053146] sd 2:0:0:0: [sda] 83886080 512-byte logical blocks: (42.9 GB/40.0 GiB)
[    2.057248] sd 2:0:0:0: Attached scsi generic sg0 type 0
[    2.060935] sd 2:0:1:0: [sdb] 20480 512-byte logical blocks: (10.5 MB/10.0 MiB)
[    2.064216] sd 2:0:1:0: Attached scsi generic sg1 type 0
[    2.066118] sd 2:0:1:0: [sdb] Write Protect is off
[    2.067402] sd 2:0:1:0: [sdb] Incomplete mode parameter data
[    2.068509] sd 2:0:1:0: [sdb] Assuming drive cache: write through
[    2.069671] sd 2:0:0:0: [sda] Write Protect is off
[    2.070933] sd 2:0:0:0: [sda] Incomplete mode parameter data
[    2.072061] sd 2:0:0:0: [sda] Assuming drive cache: write through
[    2.077865]  sda: sda1
[    2.079565] sd 2:0:1:0: [sdb] Attached SCSI disk
[    2.081235] sd 2:0:0:0: [sda] Attached SCSI disk
[    2.368722] e1000 0000:00:08.0 eth1: (PCI:33MHz:32-bit) 08:00:27:df:6a:0e
[    2.370071] e1000 0000:00:08.0 eth1: Intel(R) PRO/1000 Network Connection
[    2.372729] e1000 0000:00:08.0 enp0s8: renamed from eth1
[    2.382723] e1000 0000:00:03.0 enp0s3: renamed from eth0
Begin: Loading essential drivers ... [    3.694712] md: linear personality registered for level -1
[    3.699043] md: multipath personality registered for level -4
[    3.703260] md: raid0 personality registered for level 0
[    3.708823] md: raid1 personality registered for level 1
[    3.782568] raid6: sse2x1   gen()  9018 MB/s
[    3.850529] raid6: sse2x1   xor()  5621 MB/s
[    3.918523] raid6: sse2x2   gen() 10162 MB/s
[    3.986567] raid6: sse2x2   xor()  7807 MB/s
[    4.054528] raid6: sse2x4   gen() 11076 MB/s
[    4.122527] raid6: sse2x4   xor()  7638 MB/s
[    4.190574] raid6: avx2x1   gen() 15774 MB/s
[    4.259120] raid6: avx2x2   gen() 18133 MB/s
[    4.326538] raid6: avx2x4   gen() 12026 MB/s
[    4.327786] raid6: using algorithm avx2x2 gen() 18133 MB/s
[    4.329128] raid6: using avx2x2 recovery algorithm
[    4.331613] xor: automatically using best checksumming function:
[    4.402566]    avx       : 77400.000 MB/sec
[    4.404794] async_tx: api initialized (async)
[    4.417516] md: raid6 personality registered for level 6
[    4.418445] md: raid5 personality registered for level 5
[    4.419394] md: raid4 personality registered for level 4
[    4.428351] md: raid10 personality registered for level 10
done.
Begin: Running /scripts/init-premount ... done.
Begin: Mounting root file system ... Begin: Running /scripts/local-top ... done.
Begin: Running /scripts/local-premount ... [    4.468677] Btrfs loaded
Scanning for Btrfs filesystems
done.
Warning: fsck not present, so skipping root file system
[    4.515403] EXT4-fs (sda1): mounted filesystem with ordered data mode. Opts: (null)
done.
Begin: Running /scripts/local-bottom ... done.
Begin: Running /scripts/init-bottom ... done.
[    4.645064] systemd[1]: systemd 229 running in system mode. (+PAM +AUDIT +SELINUX +IMA +APPARMOR +SMACK +SYSVINIT +UTMP +LIBCRYPTSETUP +GCRYPT +GNUTLS +ACL +XZ -LZ4 +SECCOMP +BLKID +ELFUTILS +KMOD -IDN)
[    4.650589] systemd[1]: Detected virtualization oracle.
[    4.651471] systemd[1]: Detected architecture x86-64.

Welcome to [1mUbuntu 16.04.7 LTS[0m!

[    4.655347] systemd[1]: Set hostname to <ubuntu>.
[    4.661611] systemd[1]: Initializing machine ID from random generator.
[    4.663213] systemd[1]: Installed transient /etc/machine-id file.
[    4.822102] systemd[1]: Listening on udev Kernel Socket.
[[0;32m  OK  [0m] Listening on udev Kernel Socket.
[    4.824363] systemd[1]: Reached target Swap.
[[0;32m  OK  [0m] Reached target Swap.
[    4.826112] systemd[1]: Listening on fsck to fsckd communication Socket.
[[0;32m  OK  [0m] Listening on fsck to fsckd communication Socket.
[    4.828623] systemd[1]: Reached target Encrypted Volumes.
[[0;32m  OK  [0m] Reached target Encrypted Volumes.
[    4.831097] systemd[1]: Created slice User and Session Slice.
[[0;32m  OK  [0m] Created slice User and Session Slice.
[    4.833335] systemd[1]: Listening on Journal Audit Socket.
[[0;32m  OK  [0m] Listening on Journal Audit Socket.
[    4.835486] systemd[1]: Listening on udev Control Socket.
[[0;32m  OK  [0m] Listening on udev Control Socket.
[    4.837645] systemd[1]: Started Forward Password Requests to Wall Directory Watch.
[[0;32m  OK  [0m] Started Forward Password Requests to Wall Directory Watch.
[    4.842890] systemd[1]: Listening on Device-mapper event daemon FIFOs.
[[0;32m  OK  [0m] Listening on Device-mapper event daemon FIFOs.
[    4.845420] systemd[1]: Listening on Journal Socket (/dev/log).
[[0;32m  OK  [0m] Listening on Journal Socket (/dev/log).
[    4.847603] systemd[1]: Reached target System Time Synchronized.
[[0;32m  OK  [0m] Reached target System Time Synchronized.
[    4.849816] systemd[1]: Listening on Journal Socket.
[[0;32m  OK  [0m] Listening on Journal Socket.
[    4.851789] systemd[1]: Reached target User and Group Name Lookups.
[[0;32m  OK  [0m] Reached target User and Group Name Lookups.
[    4.854226] systemd[1]: Set up automount Arbitrary Executable File Formats File System Automount Point.
[[0;32m  OK  [0m] Set up automount Arbitrary Executab...ats File System Automount Point.
[    4.857662] systemd[1]: Listening on LVM2 metadata daemon socket.
[[0;32m  OK  [0m] Listening on LVM2 metadata daemon socket.
[    4.859940] systemd[1]: Listening on Syslog Socket.
[[0;32m  OK  [0m] Listening on Syslog Socket.
[    4.861856] systemd[1]: Listening on /dev/initctl Compatibility Named Pipe.
[[0;32m  OK  [0m] Listening on /dev/initctl Compatibility Named Pipe.
[    4.864687] systemd[1]: Created slice System Slice.
[[0;32m  OK  [0m] Created slice System Slice.
[    4.878746] systemd[1]: Starting Nameserver information manager...
         Starting Nameserver information manager...
[    4.881606] systemd[1]: Created slice system-serial\x2dgetty.slice.
[[0;32m  OK  [0m] Created slice system-serial\x2dgetty.slice.
[    4.884590] systemd[1]: Starting Monitoring of LVM2 mirrors, snapshots etc. using dmeventd or progress polling...
         Starting Monitoring of LVM2 mirrors... dmeventd or progress polling...
[    4.888710] systemd[1]: Starting File System Check on Root Device...
         Starting File System Check on Root Device...
[    4.895076] systemd[1]: Mounting Huge Pages File System...
         Mounting Huge Pages File System...
[    4.898745] systemd[1]: Mounting Debug File System...
         Mounting Debug File System...
[    4.907596] systemd[1]: Starting Journal Service...
         Starting Journal Service...
[    4.915374] systemd[1]: Starting Uncomplicated firewall...
         Starting Uncomplicated firewall...
[    4.921127] systemd[1]: Mounting POSIX Message Queue File System...
         Mounting POSIX Message Queue File System...
[    4.941141] systemd[1]: Starting Load Kernel Modules...
         Starting Load Kernel Modules...
[    4.950332] systemd[1]: Starting Create list of required static device nodes for the current kernel...
         Starting Create list of required st... nodes for the current kernel...
[    4.962805] systemd[1]: Reached target Slices.
[[0;32m  OK  [0m] Reached target Slices.
[    4.966905] systemd[1]: Starting Set console keymap...
         Starting Set console keymap...
[    4.971944] systemd[1]: Started Trigger resolvconf update for networkd DNS.
[[0;32m  OK  [0m] Started Trigger resolvconf update for networkd DNS.
[    4.981426] systemd[1]: Listening on LVM2 poll daemon socket.
[[0;32m  OK  [0m] Listening on LVM2 poll daemon socket.
[    5.019741] systemd[1]: Mounted POSIX Message Queue File System.
[[0;32m  OK  [0m] Mounted POSIX Message Queue File System.
[    5.034447] systemd[1]: Mounted Debug File System.
[[0;32m  OK  [0m] Mounted Debug File System.
[    5.036691] systemd[1]: Mounted Huge Pages File System.
[[0;32m  OK  [[    5.038688] Loading iSCSI transport class v2.0-870.
0m] Mounted Huge Pages File System.
[    5.042987] systemd[1]: Started Journal Service.
[[0;32m  OK  [0m] Started Journal Service.
[    5.054185] iscsi: registered transport (tcp)
[[0;32m  OK  [0m] Started File System Check on Root Device.
[[0;32m  OK  [0m] Started Uncomplicated firewall.
[[0;32m  OK  [0m] Started Create list of required sta...ce nodes for the current kernel.
[[0;32m  OK  [0m] Started Set console keymap.
[[0;32m  OK  [0m] Started Nameserver information manager.
[[0;32m  OK  [0m] Started File System Check Daemon to report status.
[[0;32m  OK  [0m] Started LVM2 metadata daemon.
         Starting Create Static Device Nodes in /dev...
         Starting Remount Root and Kernel File Systems...
[    5.087528] EXT4-fs (sda1): re-mounted. Opts: (null)
[[0;32m  OK  [0m] Started Remount Root and Kernel File Systems.
         Starting udev Coldplug all Devices...
         Starting Load/Save Random Seed...
         Starting Flush Journal to Persistent Storage...
[[0;32m  OK  [0m] Started Load/Save Random Seed.
[    5.119754] systemd-journald[380]: Received request to flush runtime journal from PID 1
[    5.124963] iscsi: registered transport (iser)
[[0;32m  OK  [0m] Started Flush Journal to Persistent Storage.
[[0;32m  OK  [0m] Started Load Kernel Modules.
         Starting Apply Kernel Variables...
         Mounting FUSE Control File System...
[[0;32m  OK  [0m] Started Create Static Device Nodes in /dev.
[[0;32m  OK  [0m] Started Apply Kernel Variables.
[[0;32m  OK  [0m] Started udev Coldplug all Devices.
         Starting udev Kernel Device Manager...
[[0;32m  OK  [0m] Mounted FUSE Control File System.
[[0;32m  OK  [0m] Started udev Kernel Device Manager.
[[0;32m  OK  [0m] Started Dispatch Password Requests to Console Directory Watch.
[[0;32m  OK  [0m] Found device /dev/ttyS0.
[[0;32m  OK  [0m] Started Monitoring of LVM2 mirrors,...ng dmeventd or progress polling.
[[0;32m  OK  [0m] Reached target Local File Systems (Pre).
[[0;32m  OK  [0m] Reached target Local File Systems.
         Starting LSB: AppArmor initialization...
         Starting Commit a transient machine-id on disk...
         Starting Set console font and keymap...
         Starting Tell Plymouth To Write Out Runtime Data...
         Starting Create Volatile Files and Directories...
         Starting Initial cloud-init job (pre-networking)...
[[0;32m  OK  [0m] Started Create Volatile Files and Directories.
         Starting Update UTMP about System Boot/Shutdown...
[[0;32m  OK  [0m] Started Tell Plymouth To Write Out Runtime Data.
[[0;32m  OK  [0m] Listening on Load/Save RF Kill Switch Status /dev/rfkill Watch.
[[0;32m  OK  [0m] Started Update UTMP about System Boot/Shutdown.
[[0;32m  OK  [0m] Started Commit a transient machine-id on disk.
[    6.710400] cloud-init[543]: Cloud-init v. 21.1-19-gbad84ad4-0ubuntu1~16.04.2 running 'init-local' at Sun, 23 May 2021 17:40:21 +0000. Up 6.30 seconds.[[0;32m  OK  [0m] Started LSB: AppArmor initialization.

[[0;32m  OK  [0m] Started Initial cloud-init job (pre-networking).
[[0;32m  OK  [0m] Reached target Network (Pre).
         Starting Load AppArmor profiles managed internally by snapd...
         Starting Raise network interfaces...
[[0;32m  OK  [0m] Started Load AppArmor profiles managed internally by snapd.
[[0;32m  OK  [0m] Started Set console font and keymap.
[[0;32m  OK  [0m] Created slice system-getty.slice.
[[0;32m  OK  [0m] Started Raise network interfaces.
[[0;32m  OK  [0m] Reached target Network.
         Starting Initial cloud-init job (metadata service crawler)...
[   10.251527] cloud-init[960]: Cloud-init v. 21.1-19-gbad84ad4-0ubuntu1~16.04.2 running 'init' at Sun, 23 May 2021 17:40:22 +0000. Up 7.62 seconds.
[   10.252915] cloud-init[960]: ci-info: ++++++++++++++++++++++++++++++++++++++Net device info+++++++++++++++++++++++++++++++++++++++
[   10.254200] cloud-init[960]: ci-info: +--------+-------+----------------------------+---------------+--------+-------------------+
[   10.255980] cloud-init[960]: ci-info: | Device |   Up  |          Address           |      Mask     | Scope  |     Hw-Address    |
[   10.259385] cloud-init[960]: ci-info: +--------+-------+----------------------------+---------------+--------+-------------------+
[   10.264472] cloud-init[960]: ci-info: | enp0s3 |  True |         10.0.2.15          | 255.255.255.0 | global | 02:ed:98:3c:8e:82 |
[   10.266400] cloud-init[960]: ci-info: | enp0s3 |  True | fe80::ed:98ff:fe3c:8e82/64 |       .       |  link  | 02:ed:98:3c:8e:82 |
[   10.267787] cloud-init[960]: ci-info: | enp0s8 | False |             .              |       .       |   .    | 08:00:27:df:6a:0e |
[   10.272430] cloud-init[960]: ci-info: |   lo   |  True |         127.0.0.1          |   255.0.0.0   |  host  |         .         |
[   10.275771] cloud-init[960]: ci-info: |   lo   |  True |          ::1/128           |       .       |  host  |         .         |
[   10.278057] cloud-init[960]: ci-info: +--------+-------+----------------------------+---------------+--------+-------------------+
[   10.279793] cloud-init[960]: ci-info: +++++++++++++++++++++++++++Route IPv4 info++++++++++++++++++++++++++++
[   10.281300] cloud-init[960]: ci-info: +-------+-------------+----------+---------------+-----------+-------+
[   10.282712] cloud-init[960]: ci-info: | Route | Destination | Gateway  |    Genmask    | Interface | Flags |
[   10.284560] cloud-init[960]: ci-info: +-------+-------------+----------+---------------+-----------+-------+
[   10.286266] cloud-init[960]: ci-info: |   0   |   0.0.0.0   | 10.0.2.2 |    0.0.0.0    |   enp0s3  |   UG  |
[   10.287958] cloud-init[960]: ci-info: |   1   |   10.0.2.0  | 0.0.0.0  | 255.255.255.0 |   enp0s3  |   U   |
[   10.308413] cloud-init[960]: ci-info: +-------+-------------+----------+---------------+-----------+-------+
[   10.310089] cloud-init[960]: ci-info: +++++++++++++++++++Route IPv6 info+++++++++++++++++++
[   10.312458] cloud-init[960]: ci-info: +-------+-------------+---------+-----------+-------+
[   10.314581] cloud-init[960]: ci-info: | Route | Destination | Gateway | Interface | Flags |
[   10.316239] cloud-init[960]: ci-info: +-------+-------------+---------+-----------+-------+
[   10.317920] cloud-init[960]: ci-info: |   0   |  fe80::/64  |    ::   |   enp0s3  |   U   |
[   10.320067] cloud-init[960]: ci-info: |   3   |   ff00::/8  |    ::   |   enp0s3  |   U   |
[   10.321918] cloud-init[960]: ci-info: +-------+-------------+---------+-----------+-------+
[   10.323432] cloud-init[960]: Generating public/private rsa key pair.
[   10.325798] cloud-init[960]: Your identification has been saved in /etc/ssh/ssh_host_rsa_key.
[   10.327778] cloud-init[960]: Your public key has been saved in /etc/ssh/ssh_host_rsa_key.pub.
[   10.329225] cloud-init[960]: The key fingerprint is:
[   10.330229] cloud-init[960]: SHA256:loR/B+V8h0lLvwzbfwwWijg27qWntjM/a0qB10R5ELw root@ubuntu-xenial
[   10.331761] cloud-init[960]: The key's randomart image is:
[   10.340618] cloud-init[960]: +---[RSA 2048]----+
[   10.344186] cloud-init[960]: |         .++. o  |
[   10.345390] cloud-init[960]: |       . .o+.o = |
[   10.346437] cloud-init[960]: |      . . ooo.* o|
[   10.347430] cloud-init[960]: |       + =Eo o=o.|
[   10.349016] cloud-init[960]: |      . S + o.o+ |
[   10.351618] cloud-init[960]: |       = = . . o.|
[   10.352602] cloud-init[960]: |        o .     +|
[   10.353590] cloud-init[960]: |       o+o+     .|
[   10.354606] cloud-init[960]: |       .*Xoo     |
[   10.356340] cloud-init[960]: +----[SHA256]-----+
[   10.364368] cloud-init[960]: Generating public/private dsa key pair.
[   10.365387] cloud-init[960]: Your identification has been saved in /etc/ssh/ssh_host_dsa_key.
[[0;32m  OK  [0m] Started Initial cloud-init job (metadata service crawler).
[[0;32m  OK  [0m] Reached target System Initialization.
[   10.369357] cloud-init[960]: Your public key has been saved in /etc/ssh/ssh_host_dsa_key.pub.
         Starting LXD - unix socket.
         Starting Socket activation for snappy daemon.
[   10.373606] cloud-init[960]: The key fingerprint is:
[   10.387865] cloud-init[960]: SHA256:Bd6+ut+MD1V8QBRpchuDRX3Gbua1S4lwt9dttBpYwkU root@ubuntu-xenial
[   10.388372] cloud-init[960]: The key's randomart image is:
[   10.388779] cloud-init[960]: +---[DSA 1024]----+
[   10.389193] cloud-init[960]: |        .   .EB= |
[   10.389616] cloud-init[960]: |       . o  oo*.=|
[[0;32m  OK  [0m] Listening on UUID daemon activation socket.
[   10.390104] cloud-init[960]: |        . + .+o*o|
[   10.393536] cloud-init[960]: |         o + +.o*|
[[0;32m  OK  [0m] Listening on ACPID Listen Socket.
[   10.393698] cloud-init[960]: |        S . B o=O|
[   10.395785] cloud-init[960]: |           + o **|
[   10.396609] cloud-init[960]: |          o   +.o|
[   10.397408] cloud-init[960]: |         . = . . |
[   10.397570] cloud-init[960]: |        ooo.+    |
[[0;32m  OK  [0m] Started ACPI Events Check.
[   10.397626] cloud-init[960]: +----[SHA256]-----+
[   10.399400] cloud-init[960]: Generating public/private ecdsa key pair.
[   10.399643] cloud-init[960]: Your identification has been saved in /etc/ssh/ssh_host_ecdsa_key.
[[0;32m  OK  [0m] Reached target Paths.
[   10.400108] cloud-init[960]: Your public key has been saved in /etc/ssh/ssh_host_ecdsa_key.pub.
[   10.403198] cloud-init[960]: The key fingerprint is:
[   10.403354] cloud-init[960]: SHA256:HBwsy1Rz9CfZ5QVxUftOi8giMiuAhcQYYoYxkldhCV8 root@ubuntu-xenial
[   10.403825] cloud-init[960]: The key's randomart image is:
[   10.404396] cloud-init[960]: +---[ECDSA 256]---+
[   10.404804] cloud-init[960]: |X*.o+oEo+.o   o+B|
[   10.405219] cloud-init[960]: |O+.o..o..+ . o +o|
[   10.405636] cloud-init[960]: |.o  .o oo   + o..|
[   10.406276] cloud-init[960]: |. .   o. .   o  .|
[[0;32m  OK  [0m] Started Message of the Day.
[[   10.406816] cloud-init[960]: |..      S       o|
[   10.409353] cloud-init[960]: |..        . . .o.|
[   10.409723] cloud-init[960]: |  .  o . . o . ..|
[   10.410142] cloud-init[960]: |   .  + . .      |
[   10.410550] cloud-init[960]: |    ..           |
[   10.410963] cloud-init[960]: +----[SHA256]-----+
[   10.411380] cloud-init[960]: Generating public/private ed25519 key pair.
[   10.411792] cloud-init[960]: Your identification has been saved in /etc/ssh/ssh_host_ed25519_key.
[   10.412145] cloud-init[960]: Your public key has been saved in /etc/ssh/ssh_host_ed25519_key.pub.
[   10.412509] cloud-init[960]: The key fingerprint is:
[   10.412923] cloud-init[960]: SHA256:t76YSsmV8Z9liLKyrN43s3TSiHlstJWY32CO177iQH0 root@ubuntu-xenial
[   10.413516] cloud-init[960]: The key's randomart image is:
[   10.414206] cloud-init[960]: +--[ED25519 256]--+
[0;32m  OK  [0m] Started Daily Cleanup of Temporary Directories.
[[   10.414686] cloud-init[960]: |                 |
[   10.418882] cloud-init[960]: |                 |
[   10.419366] cloud-init[960]: |        .        |
[   10.419820] cloud-init[960]: |         B o .   |
[   10.420569] cloud-init[960]: |        S X E o  |
[   10.421094] cloud-init[960]: |     . O & B +   |
[   10.421638] cloud-init[960]: |      B % B =    |
[   10.422320] cloud-init[960]: |     + *+O..     |
[   10.422420] cloud-init[960]: |   .o.=o+=+oo.   |
[0;32m  OK  [0m] Listening on D-Bus System Message Bus Socket.
[   10.422495] cloud-init[960]: +----[SHA256]-----+
[[0;32m  OK  [0m] Started Daily apt download activities.
[[0;32m  OK  [0m] Started Daily apt upgrade and clean activities.
[[0;32m  OK  [0m] Reached target Timers.
[[0;32m  OK  [0m] Reached target Network is Online.
         Starting iSCSI initiator daemon (iscsid)...
[[0;32m  OK  [0m] Reached target Cloud-config availability.
[[0;32m  OK  [0m] Listening on LXD - unix socket.
[[0;32m  OK  [0m] Listening on Socket activation for snappy daemon.
[[0;32m  OK  [0m] Reached target Sockets.
[[0;32m  OK  [0m] Reached target Basic System.
         Starting Virtualbox guest utils...
         Starting Accounts Service...
         Starting Pollinate to seed the pseudo random number generator...
         Starting LSB: MD monitoring daemon...
         Starting /etc/rc.local Compatibility...
[[0;32m  OK  [0m] Started ACPI event daemon.
[[0;32m  OK  [0m] Started D-Bus System Message Bus.
         Starting LSB: Record successful boot for GRUB...
[[0;32m  OK  [0m] Started FUSE filesystem for LXC.
         Starting LXD - container startup/shutdown...
         Starting Login Service...
[[0;32m  OK  [0m] Started Deferred execution scheduler.
[[0;32m  OK  [0m] Started Regular background program processing daemon.
         Starting Snap Daemon...
         Starting System Logging Service...
[[0;32m  OK  [0m] Started /etc/rc.local Compatibility.
         Starting Authenticate and Authorize Users to Run Privileged Tasks...
[[0;32m  OK  [0m] Started System Logging Service.
[[0;32m  OK  [0m] Started Login Service.
[[0;32m  OK  [0m] Started Unattended Upgrades Shutdown.
[[0;32m  OK  [0m] Started iSCSI initiator daemon (iscsid).
         Starting Login to default iSCSI targets...
[[0;32m  OK  [0m] Started LSB: MD monitoring daemon.
[[0;32m  OK  [0m] Started LSB: Record successful boot for GRUB.
[[0;32m  OK  [0m] Started Login to default iSCSI targets.
[[0;32m  OK  [0m] Reached target Remote File Systems (Pre).
[[0;32m  OK  [0m] Reached target Remote File Systems.
         Starting Permit User Sessions...
         Starting LSB: automatic crash report generation...
         Starting LSB: daemon to balance interrupts for SMP systems...
         Starting LSB: Set the CPU Frequency Scaling governor to "ondemand"...
[[0;32m  OK  [0m] Started Permit User Sessions.
[[0;32m  OK  [0m] Started Authenticate and Authorize Users to Run Privileged Tasks.
[[0;32m  OK  [0m] Started Accounts Service.
         Starting Hold until boot process finishes up...
         Starting Terminate Plymouth Boot Screen...
[[0;32m  OK  [0m] Started Hold until boot process finishes up.
[[0;32m  OK  [0m] Started Serial Getty on ttyS0.
         Starting Set console scheme...
[[0;32m  OK  [0m] Started Getty on tty1.
[[0;32m  OK  [0m] Reached target Login Prompts.
[[0;32m  OK  [0m] Started Terminate Plymouth Boot Screen.
[[0;32m  OK  [0m] Started Set console scheme.
[[0;32m  OK  [0m] Started LXD - container startup/shutdown.
[[0;32m  OK  [0m] Started LSB: automatic crash report generation.
[[0;32m  OK  [0m] Started LSB: Set the CPU Frequency Scaling governor to "ondemand".
[[0;32m  OK  [0m] Started LSB: daemon to balance interrupts for SMP systems.
[[0;32m  OK  [0m] Started Virtualbox guest utils.
[[0;32m  OK  [0m] Started Snap Daemon.
         Starting Wait until snapd is fully seeded...
[[0;32m  OK  [0m] Started Pollinate to seed the pseudo random number generator.
         Starting OpenBSD Secure Shell server...
[[0;32m  OK  [0m] Started OpenBSD Secure Shell server.
[[0;32m  OK  [0m] Created slice User Slice of vagrant.
         Starting User Manager for UID 1000...
[[0;32m  OK  [0m] Started Session 1 of user vagrant.
[[0;32m  OK  [0m] Started User Manager for UID 1000.
         Stopping User Manager for UID 1000...
[[0;32m  OK  [0m] Stopped User Manager for UID 1000.
[[0;32m  OK  [0m] Removed slice User Slice of vagrant.
[[0;32m  OK  [0m] Created slice User Slice of vagrant.
         Starting User Manager for UID 1000...
[[0;32m  OK  [0m] Started Session 2 of user vagrant.
[[0;32m  OK  [0m] Started Wait until snapd is fully seeded.
         Starting Apply the settings specified in cloud-config...
[[0;32m  OK  [0m] Reached target Multi-User System.
[[0;32m  OK  [0m] Reached target Graphical Interface.
         Starting Update UTMP about System Runlevel Changes...
[[0;32m  OK  [0m] Started Update UTMP about System Runlevel Changes.
[[0;32m  OK  [0m] Started User Manager for UID 1000.
[   14.928314] cloud-init[1549]: Generating locales (this might take a while)...
[   15.661846] cloud-init[1549]:   en_US.UTF-8... done
[   15.662851] cloud-init[1549]: Generation complete.
         Starting Hostname Service...
[   16.024354] cloud-init[1549]: Cloud-init v. 21.1-19-gbad84ad4-0ubuntu1~16.04.2 running 'modules:config' at Sun, 23 May 2021 17:40:29 +0000. Up 14.83 seconds.
ci-info: no authorized SSH keys fingerprints found for user ubuntu.
<14>May 23 17:40:31 ec2: 
<14>May 23 17:40:31 ec2: #############################################################
<14>May 23 17:40:31 ec2: -----BEGIN SSH HOST KEY FINGERPRINTS-----
<14>May 23 17:40:31 ec2: 1024 SHA256:Bd6+ut+MD1V8QBRpchuDRX3Gbua1S4lwt9dttBpYwkU root@ubuntu-xenial (DSA)
<14>May 23 17:40:31 ec2: 256 SHA256:HBwsy1Rz9CfZ5QVxUftOi8giMiuAhcQYYoYxkldhCV8 root@ubuntu-xenial (ECDSA)
<14>May 23 17:40:31 ec2: 256 SHA256:t76YSsmV8Z9liLKyrN43s3TSiHlstJWY32CO177iQH0 root@ubuntu-xenial (ED25519)
<14>May 23 17:40:31 ec2: 2048 SHA256:loR/B+V8h0lLvwzbfwwWijg27qWntjM/a0qB10R5ELw root@ubuntu-xenial (RSA)
<14>May 23 17:40:31 ec2: -----END SSH HOST KEY FINGERPRINTS-----
<14>May 23 17:40:31 ec2: #############################################################
-----BEGIN SSH HOST KEY KEYS-----
ecdsa-sha2-nistp256 AAAAE2VjZHNhLXNoYTItbmlzdHAyNTYAAAAIbmlzdHAyNTYAAABBBE6GPHbbxHhiONhy864mksmBKAM6r+9TvPGKhNMkWwNjrEcq5NiKjY+aFtWwsrYnKAD6/PfgbAF+EpjcMmpHfus= root@ubuntu-xenial
ssh-ed25519 AAAAC3NzaC1lZDI1NTE5AAAAIHw+dGEgRsbPVPe0PwujRe0HeV54FKUhO82aHLpT7VZ6 root@ubuntu-xenial
ssh-rsa AAAAB3NzaC1yc2EAAAADAQABAAABAQCrzmnErui1mf7Er3OqE8Zhgz4ynFJyUmQ+/fHxPR4vhax11g0C3RZ3Blq6zXw4QiHCitbM2YJ88UvMlueg5+Recc8rvg1VUj3bdzGI6/+rIqKb1diF+2v60Zu7xPfCZCSYBIYORCtyRt1HHbD0HNCgOKrgNMxUgIbo2+YL8ZRtcnLiHAfTekTguLHAxTDmUq6f2v4RZzN/H+VO9WPpaQpLMC3O+uGU5vm+koRRVII0ozCOqfch3//Rffl+6gvW4qASEpsRB7D/SG4+JRWLuwkfJH/Guo24raSJsT38tCOQGD0IxG7IXxvooBB9Z4cZ4fJNthe88YhFPMvU6460fwFZ root@ubuntu-xenial
-----END SSH HOST KEY KEYS-----
[   16.561283] cloud-init[1752]: Cloud-init v. 21.1-19-gbad84ad4-0ubuntu1~16.04.2 running 'modules:final' at Sun, 23 May 2021 17:40:31 +0000. Up 16.40 seconds.
[   16.562100] cloud-init[1752]: ci-info: no authorized SSH keys fingerprints found for user ubuntu.
[   16.562760] cloud-init[1752]: Cloud-init v. 21.1-19-gbad84ad4-0ubuntu1~16.04.2 finished at Sun, 23 May 2021 17:40:31 +0000. Datasource DataSourceNoCloud [seed=/dev/sdb][dsmode=net].  Up 16.55 seconds

Ubuntu 16.04.7 LTS lab1b ttyS0

lab1b login: 